2025-04-23 14:42:09.583 [main] INFO  com.example.chess.ChessApplication - Starting ChessApplication using Java 23.0.1 with PID 32788 (D:\Java jetbrains\java spring projects\Chess\target\classes started by vova3 in D:\Java jetbrains\java spring projects\chess)
2025-04-23 14:42:09.585 [main] INFO  com.example.chess.ChessApplication - No active profile set, falling back to 1 default profile: "default"
2025-04-23 14:42:10.303 [main] INFO  o.s.d.r.c.RepositoryConfigurationDelegate - Bootstrapping Spring Data JPA repositories in DEFAULT mode.
2025-04-23 14:42:10.359 [main] INFO  o.s.d.r.c.RepositoryConfigurationDelegate - Finished Spring Data repository scanning in 48 ms. Found 2 JPA repository interfaces.
2025-04-23 14:42:10.988 [main] INFO  o.s.b.w.e.tomcat.TomcatWebServer - Tomcat initialized with port 8080 (http)
2025-04-23 14:42:11.004 [main] INFO  o.a.catalina.core.StandardService - Starting service [Tomcat]
2025-04-23 14:42:11.004 [main] INFO  o.a.catalina.core.StandardEngine - Starting Servlet engine: [Apache Tomcat/10.1.34]
2025-04-23 14:42:11.052 [main] INFO  o.a.c.c.C.[Tomcat].[localhost].[/] - Initializing Spring embedded WebApplicationContext
2025-04-23 14:42:11.052 [main] INFO  o.s.b.w.s.c.ServletWebServerApplicationContext - Root WebApplicationContext: initialization completed in 1422 ms
2025-04-23 14:42:11.222 [main] INFO  o.h.jpa.internal.util.LogHelper - HHH000204: Processing PersistenceUnitInfo [name: default]
2025-04-23 14:42:11.287 [main] INFO  org.hibernate.Version - HHH000412: Hibernate ORM core version 6.6.5.Final
2025-04-23 14:42:11.321 [main] INFO  o.h.c.i.RegionFactoryInitiator - HHH000026: Second-level cache disabled
2025-04-23 14:42:11.549 [main] INFO  o.s.o.j.p.SpringPersistenceUnitInfo - No LoadTimeWeaver setup: ignoring JPA class transformer
2025-04-23 14:42:11.578 [main] INFO  com.zaxxer.hikari.HikariDataSource - HikariPool-1 - Starting...
2025-04-23 14:42:11.770 [main] INFO  com.zaxxer.hikari.pool.HikariPool - HikariPool-1 - Added connection org.postgresql.jdbc.PgConnection@30a62a5b
2025-04-23 14:42:11.772 [main] INFO  com.zaxxer.hikari.HikariDataSource - HikariPool-1 - Start completed.
2025-04-23 14:42:11.860 [main] INFO  o.hibernate.orm.connections.pooling - HHH10001005: Database info:
	Database JDBC URL [Connecting through datasource 'HikariDataSource (HikariPool-1)']
	Database driver: undefined/unknown
	Database version: 17.0
	Autocommit mode: undefined/unknown
	Isolation level: undefined/unknown
	Minimum pool size: undefined/unknown
	Maximum pool size: undefined/unknown
2025-04-23 14:42:12.680 [main] INFO  o.h.e.t.j.p.i.JtaPlatformInitiator - HHH000489: No JTA platform available (set 'hibernate.transaction.jta.platform' to enable JTA platform integration)
2025-04-23 14:42:12.764 [main] INFO  o.s.o.j.LocalContainerEntityManagerFactoryBean - Initialized JPA EntityManagerFactory for persistence unit 'default'
2025-04-23 14:42:13.065 [main] INFO  o.s.d.j.r.query.QueryEnhancerFactory - Hibernate is in classpath; If applicable, HQL parser will be used.
2025-04-23 14:42:13.692 [main] INFO  com.example.chess.utils.Cache - Cache created with capacity: 100
2025-04-23 14:42:14.437 [main] INFO  o.s.b.w.e.tomcat.TomcatWebServer - Tomcat started on port 8080 (http) with context path '/'
2025-04-23 14:42:14.442 [main] INFO  com.example.chess.ChessApplication - Started ChessApplication in 5.253 seconds (process running for 5.907)
2025-04-23 14:42:18.187 [http-nio-8080-exec-8] INFO  o.a.c.c.C.[Tomcat].[localhost].[/] - Initializing Spring DispatcherServlet 'dispatcherServlet'
2025-04-23 14:42:18.187 [http-nio-8080-exec-8] INFO  o.s.web.servlet.DispatcherServlet - Initializing Servlet 'dispatcherServlet'
2025-04-23 14:42:18.188 [http-nio-8080-exec-8] INFO  o.s.web.servlet.DispatcherServlet - Completed initialization in 1 ms
2025-04-23 14:42:18.229 [http-nio-8080-exec-8] INFO  com.example.chess.aspect.LogAspect - Starting method [ResponseEntity com.example.chess.controller.PlayerController.getFriends(Long)]  with arguments [[2000]]
2025-04-23 14:42:18.229 [http-nio-8080-exec-8] INFO  com.example.chess.aspect.LogAspect - Starting method [Set com.example.chess.service.implementation.PlayerServiceImpl.getAllFriends(Long)]  with arguments [[2000]]
2025-04-23 14:42:18.326 [http-nio-8080-exec-8] ERROR com.example.chess.aspect.LogAspect - Throwing exception in method [PlayerServiceImpl.getAllFriends(..)] with arguments [[2000]] exception message [Player not found]
2025-04-23 14:42:18.326 [http-nio-8080-exec-8] ERROR com.example.chess.aspect.LogAspect - Throwing exception in method [PlayerController.getFriends(..)] with arguments [[2000]] exception message [Player not found]
2025-04-23 14:44:21.255 [SpringApplicationShutdownHook] INFO  o.s.b.w.e.tomcat.GracefulShutdown - Commencing graceful shutdown. Waiting for active requests to complete
2025-04-23 14:44:21.264 [tomcat-shutdown] INFO  o.s.b.w.e.tomcat.GracefulShutdown - Graceful shutdown complete
2025-04-23 14:44:21.264 [SpringApplicationShutdownHook] INFO  o.s.o.j.LocalContainerEntityManagerFactoryBean - Closing JPA EntityManagerFactory for persistence unit 'default'
2025-04-23 14:44:21.272 [SpringApplicationShutdownHook] INFO  com.zaxxer.hikari.HikariDataSource - HikariPool-1 - Shutdown initiated...
2025-04-23 14:44:21.272 [SpringApplicationShutdownHook] INFO  com.zaxxer.hikari.HikariDataSource - HikariPool-1 - Shutdown completed.
