2025-04-27 16:54:17.531 [main] INFO  com.example.chess.ChessApplication - Starting ChessApplication using Java 23.0.1 with PID 13536 (D:\Java jetbrains\java spring projects\Chess\target\classes started by vova3 in D:\Java jetbrains\java spring projects\chess)
2025-04-27 16:54:17.533 [main] INFO  com.example.chess.ChessApplication - No active profile set, falling back to 1 default profile: "default"
2025-04-27 16:54:18.084 [main] INFO  o.s.d.r.c.RepositoryConfigurationDelegate - Bootstrapping Spring Data JPA repositories in DEFAULT mode.
2025-04-27 16:54:18.126 [main] INFO  o.s.d.r.c.RepositoryConfigurationDelegate - Finished Spring Data repository scanning in 36 ms. Found 2 JPA repository interfaces.
2025-04-27 16:54:18.582 [main] INFO  o.s.b.w.e.tomcat.TomcatWebServer - Tomcat initialized with port 8080 (http)
2025-04-27 16:54:18.634 [main] INFO  o.a.catalina.core.StandardService - Starting service [Tomcat]
2025-04-27 16:54:18.634 [main] INFO  o.a.catalina.core.StandardEngine - Starting Servlet engine: [Apache Tomcat/10.1.34]
2025-04-27 16:54:18.722 [main] INFO  o.a.c.c.C.[Tomcat].[localhost].[/] - Initializing Spring embedded WebApplicationContext
2025-04-27 16:54:18.722 [main] INFO  o.s.b.w.s.c.ServletWebServerApplicationContext - Root WebApplicationContext: initialization completed in 1152 ms
2025-04-27 16:54:18.832 [main] INFO  o.h.jpa.internal.util.LogHelper - HHH000204: Processing PersistenceUnitInfo [name: default]
2025-04-27 16:54:18.860 [main] INFO  org.hibernate.Version - HHH000412: Hibernate ORM core version 6.6.5.Final
2025-04-27 16:54:18.889 [main] INFO  o.h.c.i.RegionFactoryInitiator - HHH000026: Second-level cache disabled
2025-04-27 16:54:19.042 [main] INFO  o.s.o.j.p.SpringPersistenceUnitInfo - No LoadTimeWeaver setup: ignoring JPA class transformer
2025-04-27 16:54:19.064 [main] INFO  com.zaxxer.hikari.HikariDataSource - HikariPool-1 - Starting...
2025-04-27 16:54:19.899 [main] INFO  com.zaxxer.hikari.pool.HikariPool - HikariPool-1 - Added connection org.postgresql.jdbc.PgConnection@31fe0ce5
2025-04-27 16:54:19.900 [main] INFO  com.zaxxer.hikari.HikariDataSource - HikariPool-1 - Start completed.
2025-04-27 16:54:19.970 [main] INFO  o.hibernate.orm.connections.pooling - HHH10001005: Database info:
	Database JDBC URL [Connecting through datasource 'HikariDataSource (HikariPool-1)']
	Database driver: undefined/unknown
	Database version: 17.0
	Autocommit mode: undefined/unknown
	Isolation level: undefined/unknown
	Minimum pool size: undefined/unknown
	Maximum pool size: undefined/unknown
2025-04-27 16:54:20.623 [main] INFO  o.h.e.t.j.p.i.JtaPlatformInitiator - HHH000489: No JTA platform available (set 'hibernate.transaction.jta.platform' to enable JTA platform integration)
2025-04-27 16:54:20.715 [main] INFO  o.s.o.j.LocalContainerEntityManagerFactoryBean - Initialized JPA EntityManagerFactory for persistence unit 'default'
2025-04-27 16:54:21.019 [main] INFO  o.s.d.j.r.query.QueryEnhancerFactory - Hibernate is in classpath; If applicable, HQL parser will be used.
2025-04-27 16:54:21.682 [main] INFO  com.example.chess.utils.Cache - Cache created with capacity: 100
2025-04-27 16:54:22.395 [main] INFO  o.s.b.w.e.tomcat.TomcatWebServer - Tomcat started on port 8080 (http) with context path '/'
2025-04-27 16:54:22.401 [main] INFO  com.example.chess.ChessApplication - Started ChessApplication in 5.235 seconds (process running for 5.767)
2025-04-27 16:54:30.877 [SpringApplicationShutdownHook] INFO  o.s.b.w.e.tomcat.GracefulShutdown - Commencing graceful shutdown. Waiting for active requests to complete
2025-04-27 16:54:30.880 [tomcat-shutdown] INFO  o.s.b.w.e.tomcat.GracefulShutdown - Graceful shutdown complete
2025-04-27 16:54:30.883 [SpringApplicationShutdownHook] INFO  o.s.o.j.LocalContainerEntityManagerFactoryBean - Closing JPA EntityManagerFactory for persistence unit 'default'
2025-04-27 16:54:30.884 [SpringApplicationShutdownHook] INFO  com.zaxxer.hikari.HikariDataSource - HikariPool-1 - Shutdown initiated...
2025-04-27 16:54:30.886 [SpringApplicationShutdownHook] INFO  com.zaxxer.hikari.HikariDataSource - HikariPool-1 - Shutdown completed.
2025-04-27 17:10:46.804 [main] INFO  com.example.chess.ChessApplication - Starting ChessApplication using Java 23.0.1 with PID 11464 (D:\Java jetbrains\java spring projects\Chess\target\classes started by vova3 in D:\Java jetbrains\java spring projects\chess)
2025-04-27 17:10:46.805 [main] INFO  com.example.chess.ChessApplication - No active profile set, falling back to 1 default profile: "default"
2025-04-27 17:10:47.338 [main] INFO  o.s.d.r.c.RepositoryConfigurationDelegate - Bootstrapping Spring Data JPA repositories in DEFAULT mode.
2025-04-27 17:10:47.376 [main] INFO  o.s.d.r.c.RepositoryConfigurationDelegate - Finished Spring Data repository scanning in 33 ms. Found 2 JPA repository interfaces.
2025-04-27 17:10:47.811 [main] INFO  o.s.b.w.e.tomcat.TomcatWebServer - Tomcat initialized with port 8080 (http)
2025-04-27 17:10:47.822 [main] INFO  o.a.catalina.core.StandardService - Starting service [Tomcat]
2025-04-27 17:10:47.822 [main] INFO  o.a.catalina.core.StandardEngine - Starting Servlet engine: [Apache Tomcat/10.1.34]
2025-04-27 17:10:47.858 [main] INFO  o.a.c.c.C.[Tomcat].[localhost].[/] - Initializing Spring embedded WebApplicationContext
2025-04-27 17:10:47.858 [main] INFO  o.s.b.w.s.c.ServletWebServerApplicationContext - Root WebApplicationContext: initialization completed in 1020 ms
2025-04-27 17:10:47.965 [main] INFO  o.h.jpa.internal.util.LogHelper - HHH000204: Processing PersistenceUnitInfo [name: default]
2025-04-27 17:10:47.993 [main] INFO  org.hibernate.Version - HHH000412: Hibernate ORM core version 6.6.5.Final
2025-04-27 17:10:48.013 [main] INFO  o.h.c.i.RegionFactoryInitiator - HHH000026: Second-level cache disabled
2025-04-27 17:10:48.161 [main] INFO  o.s.o.j.p.SpringPersistenceUnitInfo - No LoadTimeWeaver setup: ignoring JPA class transformer
2025-04-27 17:10:48.178 [main] INFO  com.zaxxer.hikari.HikariDataSource - HikariPool-1 - Starting...
2025-04-27 17:10:48.293 [main] INFO  com.zaxxer.hikari.pool.HikariPool - HikariPool-1 - Added connection org.postgresql.jdbc.PgConnection@31fe0ce5
2025-04-27 17:10:48.293 [main] INFO  com.zaxxer.hikari.HikariDataSource - HikariPool-1 - Start completed.
2025-04-27 17:10:48.352 [main] INFO  o.hibernate.orm.connections.pooling - HHH10001005: Database info:
	Database JDBC URL [Connecting through datasource 'HikariDataSource (HikariPool-1)']
	Database driver: undefined/unknown
	Database version: 17.0
	Autocommit mode: undefined/unknown
	Isolation level: undefined/unknown
	Minimum pool size: undefined/unknown
	Maximum pool size: undefined/unknown
2025-04-27 17:10:48.971 [main] INFO  o.h.e.t.j.p.i.JtaPlatformInitiator - HHH000489: No JTA platform available (set 'hibernate.transaction.jta.platform' to enable JTA platform integration)
2025-04-27 17:10:49.044 [main] INFO  o.s.o.j.LocalContainerEntityManagerFactoryBean - Initialized JPA EntityManagerFactory for persistence unit 'default'
2025-04-27 17:10:49.302 [main] INFO  o.s.d.j.r.query.QueryEnhancerFactory - Hibernate is in classpath; If applicable, HQL parser will be used.
2025-04-27 17:10:49.878 [main] INFO  com.example.chess.utils.Cache - Cache created with capacity: 100
2025-04-27 17:10:50.603 [main] INFO  o.s.b.w.e.tomcat.TomcatWebServer - Tomcat started on port 8080 (http) with context path '/'
2025-04-27 17:10:50.610 [main] INFO  com.example.chess.ChessApplication - Started ChessApplication in 4.165 seconds (process running for 4.626)
2025-04-27 17:10:52.499 [SpringApplicationShutdownHook] INFO  o.s.b.w.e.tomcat.GracefulShutdown - Commencing graceful shutdown. Waiting for active requests to complete
2025-04-27 17:10:52.504 [tomcat-shutdown] INFO  o.s.b.w.e.tomcat.GracefulShutdown - Graceful shutdown complete
2025-04-27 17:10:52.506 [SpringApplicationShutdownHook] INFO  o.s.o.j.LocalContainerEntityManagerFactoryBean - Closing JPA EntityManagerFactory for persistence unit 'default'
2025-04-27 17:10:52.508 [SpringApplicationShutdownHook] INFO  com.zaxxer.hikari.HikariDataSource - HikariPool-1 - Shutdown initiated...
2025-04-27 17:10:52.513 [SpringApplicationShutdownHook] INFO  com.zaxxer.hikari.HikariDataSource - HikariPool-1 - Shutdown completed.
2025-04-27 17:18:10.016 [main] INFO  com.example.chess.ChessApplication - Starting ChessApplication using Java 23.0.1 with PID 18760 (D:\Java jetbrains\java spring projects\Chess\target\classes started by vova3 in D:\Java jetbrains\java spring projects\chess)
2025-04-27 17:18:10.017 [main] INFO  com.example.chess.ChessApplication - No active profile set, falling back to 1 default profile: "default"
2025-04-27 17:18:10.548 [main] INFO  o.s.d.r.c.RepositoryConfigurationDelegate - Bootstrapping Spring Data JPA repositories in DEFAULT mode.
2025-04-27 17:18:10.591 [main] INFO  o.s.d.r.c.RepositoryConfigurationDelegate - Finished Spring Data repository scanning in 37 ms. Found 2 JPA repository interfaces.
2025-04-27 17:18:11.008 [main] INFO  o.s.b.w.e.tomcat.TomcatWebServer - Tomcat initialized with port 8080 (http)
2025-04-27 17:18:11.017 [main] INFO  o.a.catalina.core.StandardService - Starting service [Tomcat]
2025-04-27 17:18:11.018 [main] INFO  o.a.catalina.core.StandardEngine - Starting Servlet engine: [Apache Tomcat/10.1.34]
2025-04-27 17:18:11.053 [main] INFO  o.a.c.c.C.[Tomcat].[localhost].[/] - Initializing Spring embedded WebApplicationContext
2025-04-27 17:18:11.053 [main] INFO  o.s.b.w.s.c.ServletWebServerApplicationContext - Root WebApplicationContext: initialization completed in 1003 ms
2025-04-27 17:18:11.161 [main] INFO  o.h.jpa.internal.util.LogHelper - HHH000204: Processing PersistenceUnitInfo [name: default]
2025-04-27 17:18:11.192 [main] INFO  org.hibernate.Version - HHH000412: Hibernate ORM core version 6.6.5.Final
2025-04-27 17:18:11.210 [main] INFO  o.h.c.i.RegionFactoryInitiator - HHH000026: Second-level cache disabled
2025-04-27 17:18:11.365 [main] INFO  o.s.o.j.p.SpringPersistenceUnitInfo - No LoadTimeWeaver setup: ignoring JPA class transformer
2025-04-27 17:18:11.388 [main] INFO  com.zaxxer.hikari.HikariDataSource - HikariPool-1 - Starting...
2025-04-27 17:18:11.540 [main] INFO  com.zaxxer.hikari.pool.HikariPool - HikariPool-1 - Added connection org.postgresql.jdbc.PgConnection@64544ee4
2025-04-27 17:18:11.540 [main] INFO  com.zaxxer.hikari.HikariDataSource - HikariPool-1 - Start completed.
2025-04-27 17:18:11.582 [main] INFO  o.hibernate.orm.connections.pooling - HHH10001005: Database info:
	Database JDBC URL [Connecting through datasource 'HikariDataSource (HikariPool-1)']
	Database driver: undefined/unknown
	Database version: 17.0
	Autocommit mode: undefined/unknown
	Isolation level: undefined/unknown
	Minimum pool size: undefined/unknown
	Maximum pool size: undefined/unknown
2025-04-27 17:18:12.198 [main] INFO  o.h.e.t.j.p.i.JtaPlatformInitiator - HHH000489: No JTA platform available (set 'hibernate.transaction.jta.platform' to enable JTA platform integration)
2025-04-27 17:18:12.268 [main] INFO  o.s.o.j.LocalContainerEntityManagerFactoryBean - Initialized JPA EntityManagerFactory for persistence unit 'default'
2025-04-27 17:18:12.531 [main] INFO  o.s.d.j.r.query.QueryEnhancerFactory - Hibernate is in classpath; If applicable, HQL parser will be used.
2025-04-27 17:18:13.132 [main] INFO  com.example.chess.utils.Cache - Cache created with capacity: 100
2025-04-27 17:18:14.145 [main] INFO  o.s.b.w.e.tomcat.TomcatWebServer - Tomcat started on port 8080 (http) with context path '/'
2025-04-27 17:18:14.151 [main] INFO  com.example.chess.ChessApplication - Started ChessApplication in 4.498 seconds (process running for 4.924)
2025-04-27 17:18:14.152 [SpringApplicationShutdownHook] INFO  o.s.b.w.e.tomcat.GracefulShutdown - Commencing graceful shutdown. Waiting for active requests to complete
2025-04-27 17:18:14.158 [tomcat-shutdown] INFO  o.s.b.w.e.tomcat.GracefulShutdown - Graceful shutdown complete
2025-04-27 17:18:14.163 [SpringApplicationShutdownHook] INFO  o.s.o.j.LocalContainerEntityManagerFactoryBean - Closing JPA EntityManagerFactory for persistence unit 'default'
2025-04-27 17:18:14.165 [SpringApplicationShutdownHook] INFO  com.zaxxer.hikari.HikariDataSource - HikariPool-1 - Shutdown initiated...
2025-04-27 17:18:14.169 [SpringApplicationShutdownHook] INFO  com.zaxxer.hikari.HikariDataSource - HikariPool-1 - Shutdown completed.
2025-04-27 17:22:14.493 [main] INFO  com.example.chess.ChessApplication - Starting ChessApplication using Java 23.0.1 with PID 17880 (D:\Java jetbrains\java spring projects\Chess\target\classes started by vova3 in D:\Java jetbrains\java spring projects\chess)
2025-04-27 17:22:14.494 [main] INFO  com.example.chess.ChessApplication - No active profile set, falling back to 1 default profile: "default"
2025-04-27 17:22:15.010 [main] INFO  o.s.d.r.c.RepositoryConfigurationDelegate - Bootstrapping Spring Data JPA repositories in DEFAULT mode.
2025-04-27 17:22:15.055 [main] INFO  o.s.d.r.c.RepositoryConfigurationDelegate - Finished Spring Data repository scanning in 38 ms. Found 2 JPA repository interfaces.
2025-04-27 17:22:15.493 [main] INFO  o.s.b.w.e.tomcat.TomcatWebServer - Tomcat initialized with port 8080 (http)
2025-04-27 17:22:15.507 [main] INFO  o.a.catalina.core.StandardService - Starting service [Tomcat]
2025-04-27 17:22:15.507 [main] INFO  o.a.catalina.core.StandardEngine - Starting Servlet engine: [Apache Tomcat/10.1.34]
2025-04-27 17:22:15.550 [main] INFO  o.a.c.c.C.[Tomcat].[localhost].[/] - Initializing Spring embedded WebApplicationContext
2025-04-27 17:22:15.550 [main] INFO  o.s.b.w.s.c.ServletWebServerApplicationContext - Root WebApplicationContext: initialization completed in 1018 ms
2025-04-27 17:22:15.671 [main] INFO  o.h.jpa.internal.util.LogHelper - HHH000204: Processing PersistenceUnitInfo [name: default]
2025-04-27 17:22:15.703 [main] INFO  org.hibernate.Version - HHH000412: Hibernate ORM core version 6.6.5.Final
2025-04-27 17:22:15.721 [main] INFO  o.h.c.i.RegionFactoryInitiator - HHH000026: Second-level cache disabled
2025-04-27 17:22:15.874 [main] INFO  o.s.o.j.p.SpringPersistenceUnitInfo - No LoadTimeWeaver setup: ignoring JPA class transformer
2025-04-27 17:22:15.895 [main] INFO  com.zaxxer.hikari.HikariDataSource - HikariPool-1 - Starting...
2025-04-27 17:22:16.042 [main] INFO  com.zaxxer.hikari.pool.HikariPool - HikariPool-1 - Added connection org.postgresql.jdbc.PgConnection@3a8640f7
2025-04-27 17:22:16.043 [main] INFO  com.zaxxer.hikari.HikariDataSource - HikariPool-1 - Start completed.
2025-04-27 17:22:16.083 [main] INFO  o.hibernate.orm.connections.pooling - HHH10001005: Database info:
	Database JDBC URL [Connecting through datasource 'HikariDataSource (HikariPool-1)']
	Database driver: undefined/unknown
	Database version: 17.0
	Autocommit mode: undefined/unknown
	Isolation level: undefined/unknown
	Minimum pool size: undefined/unknown
	Maximum pool size: undefined/unknown
2025-04-27 17:22:16.689 [main] INFO  o.h.e.t.j.p.i.JtaPlatformInitiator - HHH000489: No JTA platform available (set 'hibernate.transaction.jta.platform' to enable JTA platform integration)
2025-04-27 17:22:16.769 [main] INFO  o.s.o.j.LocalContainerEntityManagerFactoryBean - Initialized JPA EntityManagerFactory for persistence unit 'default'
2025-04-27 17:22:17.031 [main] INFO  o.s.d.j.r.query.QueryEnhancerFactory - Hibernate is in classpath; If applicable, HQL parser will be used.
2025-04-27 17:22:17.592 [main] INFO  com.example.chess.utils.Cache - Cache created with capacity: 100
2025-04-27 17:22:18.226 [main] INFO  o.s.b.w.e.tomcat.TomcatWebServer - Tomcat started on port 8080 (http) with context path '/'
2025-04-27 17:22:18.231 [main] INFO  com.example.chess.ChessApplication - Started ChessApplication in 4.075 seconds (process running for 4.549)
2025-04-27 17:29:15.226 [SpringApplicationShutdownHook] INFO  o.s.b.w.e.tomcat.GracefulShutdown - Commencing graceful shutdown. Waiting for active requests to complete
2025-04-27 17:29:15.230 [tomcat-shutdown] INFO  o.s.b.w.e.tomcat.GracefulShutdown - Graceful shutdown complete
2025-04-27 17:29:15.234 [SpringApplicationShutdownHook] INFO  o.s.o.j.LocalContainerEntityManagerFactoryBean - Closing JPA EntityManagerFactory for persistence unit 'default'
2025-04-27 17:29:15.236 [SpringApplicationShutdownHook] INFO  com.zaxxer.hikari.HikariDataSource - HikariPool-1 - Shutdown initiated...
2025-04-27 17:29:15.240 [SpringApplicationShutdownHook] INFO  com.zaxxer.hikari.HikariDataSource - HikariPool-1 - Shutdown completed.
2025-04-27 17:29:30.521 [main] INFO  com.example.chess.ChessApplication - Starting ChessApplication using Java 23.0.1 with PID 19408 (D:\Java jetbrains\java spring projects\Chess\target\classes started by vova3 in D:\Java jetbrains\java spring projects\chess)
2025-04-27 17:29:30.523 [main] INFO  com.example.chess.ChessApplication - No active profile set, falling back to 1 default profile: "default"
2025-04-27 17:29:31.088 [main] INFO  o.s.d.r.c.RepositoryConfigurationDelegate - Bootstrapping Spring Data JPA repositories in DEFAULT mode.
2025-04-27 17:29:31.149 [main] INFO  o.s.d.r.c.RepositoryConfigurationDelegate - Finished Spring Data repository scanning in 55 ms. Found 2 JPA repository interfaces.
2025-04-27 17:29:31.611 [main] INFO  o.s.b.w.e.tomcat.TomcatWebServer - Tomcat initialized with port 8080 (http)
2025-04-27 17:29:31.621 [main] INFO  o.a.catalina.core.StandardService - Starting service [Tomcat]
2025-04-27 17:29:31.621 [main] INFO  o.a.catalina.core.StandardEngine - Starting Servlet engine: [Apache Tomcat/10.1.34]
2025-04-27 17:29:31.658 [main] INFO  o.a.c.c.C.[Tomcat].[localhost].[/] - Initializing Spring embedded WebApplicationContext
2025-04-27 17:29:31.658 [main] INFO  o.s.b.w.s.c.ServletWebServerApplicationContext - Root WebApplicationContext: initialization completed in 1103 ms
2025-04-27 17:29:31.773 [main] INFO  o.h.jpa.internal.util.LogHelper - HHH000204: Processing PersistenceUnitInfo [name: default]
2025-04-27 17:29:31.815 [main] INFO  org.hibernate.Version - HHH000412: Hibernate ORM core version 6.6.5.Final
2025-04-27 17:29:31.851 [main] INFO  o.h.c.i.RegionFactoryInitiator - HHH000026: Second-level cache disabled
2025-04-27 17:29:32.014 [main] INFO  o.s.o.j.p.SpringPersistenceUnitInfo - No LoadTimeWeaver setup: ignoring JPA class transformer
2025-04-27 17:29:32.031 [main] INFO  com.zaxxer.hikari.HikariDataSource - HikariPool-1 - Starting...
2025-04-27 17:29:32.199 [main] INFO  com.zaxxer.hikari.pool.HikariPool - HikariPool-1 - Added connection org.postgresql.jdbc.PgConnection@16d61071
2025-04-27 17:29:32.200 [main] INFO  com.zaxxer.hikari.HikariDataSource - HikariPool-1 - Start completed.
2025-04-27 17:29:32.247 [main] INFO  o.hibernate.orm.connections.pooling - HHH10001005: Database info:
	Database JDBC URL [Connecting through datasource 'HikariDataSource (HikariPool-1)']
	Database driver: undefined/unknown
	Database version: 17.0
	Autocommit mode: undefined/unknown
	Isolation level: undefined/unknown
	Minimum pool size: undefined/unknown
	Maximum pool size: undefined/unknown
2025-04-27 17:29:32.838 [main] INFO  o.h.e.t.j.p.i.JtaPlatformInitiator - HHH000489: No JTA platform available (set 'hibernate.transaction.jta.platform' to enable JTA platform integration)
2025-04-27 17:29:32.906 [main] INFO  o.s.o.j.LocalContainerEntityManagerFactoryBean - Initialized JPA EntityManagerFactory for persistence unit 'default'
2025-04-27 17:29:33.185 [main] INFO  o.s.d.j.r.query.QueryEnhancerFactory - Hibernate is in classpath; If applicable, HQL parser will be used.
2025-04-27 17:29:33.751 [main] INFO  com.example.chess.utils.Cache - Cache created with capacity: 100
2025-04-27 17:29:34.463 [main] INFO  o.s.b.w.e.tomcat.TomcatWebServer - Tomcat started on port 8080 (http) with context path '/'
2025-04-27 17:29:34.467 [main] INFO  com.example.chess.ChessApplication - Started ChessApplication in 4.311 seconds (process running for 4.732)
2025-04-27 17:29:42.042 [SpringApplicationShutdownHook] INFO  o.s.b.w.e.tomcat.GracefulShutdown - Commencing graceful shutdown. Waiting for active requests to complete
2025-04-27 17:29:42.051 [tomcat-shutdown] INFO  o.s.b.w.e.tomcat.GracefulShutdown - Graceful shutdown complete
2025-04-27 17:29:42.059 [SpringApplicationShutdownHook] INFO  o.s.o.j.LocalContainerEntityManagerFactoryBean - Closing JPA EntityManagerFactory for persistence unit 'default'
2025-04-27 17:29:42.062 [SpringApplicationShutdownHook] INFO  com.zaxxer.hikari.HikariDataSource - HikariPool-1 - Shutdown initiated...
2025-04-27 17:29:42.067 [SpringApplicationShutdownHook] INFO  com.zaxxer.hikari.HikariDataSource - HikariPool-1 - Shutdown completed.
2025-04-27 17:33:45.938 [main] INFO  com.example.chess.ChessApplication - Starting ChessApplication using Java 23.0.1 with PID 19488 (D:\Java jetbrains\java spring projects\Chess\target\classes started by vova3 in D:\Java jetbrains\java spring projects\chess)
2025-04-27 17:33:45.939 [main] INFO  com.example.chess.ChessApplication - No active profile set, falling back to 1 default profile: "default"
2025-04-27 17:33:46.457 [main] INFO  o.s.d.r.c.RepositoryConfigurationDelegate - Bootstrapping Spring Data JPA repositories in DEFAULT mode.
2025-04-27 17:33:46.520 [main] INFO  o.s.d.r.c.RepositoryConfigurationDelegate - Finished Spring Data repository scanning in 56 ms. Found 2 JPA repository interfaces.
2025-04-27 17:33:47.027 [main] INFO  o.s.b.w.e.tomcat.TomcatWebServer - Tomcat initialized with port 8080 (http)
2025-04-27 17:33:47.038 [main] INFO  o.a.catalina.core.StandardService - Starting service [Tomcat]
2025-04-27 17:33:47.038 [main] INFO  o.a.catalina.core.StandardEngine - Starting Servlet engine: [Apache Tomcat/10.1.34]
2025-04-27 17:33:47.073 [main] INFO  o.a.c.c.C.[Tomcat].[localhost].[/] - Initializing Spring embedded WebApplicationContext
2025-04-27 17:33:47.073 [main] INFO  o.s.b.w.s.c.ServletWebServerApplicationContext - Root WebApplicationContext: initialization completed in 1104 ms
2025-04-27 17:33:47.218 [main] INFO  o.h.jpa.internal.util.LogHelper - HHH000204: Processing PersistenceUnitInfo [name: default]
2025-04-27 17:33:47.248 [main] INFO  org.hibernate.Version - HHH000412: Hibernate ORM core version 6.6.5.Final
2025-04-27 17:33:47.279 [main] INFO  o.h.c.i.RegionFactoryInitiator - HHH000026: Second-level cache disabled
2025-04-27 17:33:47.428 [main] INFO  o.s.o.j.p.SpringPersistenceUnitInfo - No LoadTimeWeaver setup: ignoring JPA class transformer
2025-04-27 17:33:47.451 [main] INFO  com.zaxxer.hikari.HikariDataSource - HikariPool-1 - Starting...
2025-04-27 17:33:47.574 [main] INFO  com.zaxxer.hikari.pool.HikariPool - HikariPool-1 - Added connection org.postgresql.jdbc.PgConnection@4641f66c
2025-04-27 17:33:47.575 [main] INFO  com.zaxxer.hikari.HikariDataSource - HikariPool-1 - Start completed.
2025-04-27 17:33:47.627 [main] INFO  o.hibernate.orm.connections.pooling - HHH10001005: Database info:
	Database JDBC URL [Connecting through datasource 'HikariDataSource (HikariPool-1)']
	Database driver: undefined/unknown
	Database version: 17.0
	Autocommit mode: undefined/unknown
	Isolation level: undefined/unknown
	Minimum pool size: undefined/unknown
	Maximum pool size: undefined/unknown
2025-04-27 17:33:48.224 [main] INFO  o.h.e.t.j.p.i.JtaPlatformInitiator - HHH000489: No JTA platform available (set 'hibernate.transaction.jta.platform' to enable JTA platform integration)
2025-04-27 17:33:48.296 [main] INFO  o.s.o.j.LocalContainerEntityManagerFactoryBean - Initialized JPA EntityManagerFactory for persistence unit 'default'
2025-04-27 17:33:48.583 [main] INFO  o.s.d.j.r.query.QueryEnhancerFactory - Hibernate is in classpath; If applicable, HQL parser will be used.
2025-04-27 17:33:49.203 [main] INFO  com.example.chess.utils.Cache - Cache created with capacity: 100
2025-04-27 17:33:49.893 [main] INFO  o.s.b.w.e.tomcat.TomcatWebServer - Tomcat started on port 8080 (http) with context path '/'
2025-04-27 17:33:49.899 [main] INFO  com.example.chess.ChessApplication - Started ChessApplication in 4.339 seconds (process running for 4.771)
2025-04-27 17:34:08.228 [SpringApplicationShutdownHook] INFO  o.s.b.w.e.tomcat.GracefulShutdown - Commencing graceful shutdown. Waiting for active requests to complete
2025-04-27 17:34:08.236 [tomcat-shutdown] INFO  o.s.b.w.e.tomcat.GracefulShutdown - Graceful shutdown complete
2025-04-27 17:34:08.242 [SpringApplicationShutdownHook] INFO  o.s.o.j.LocalContainerEntityManagerFactoryBean - Closing JPA EntityManagerFactory for persistence unit 'default'
2025-04-27 17:34:08.245 [SpringApplicationShutdownHook] INFO  com.zaxxer.hikari.HikariDataSource - HikariPool-1 - Shutdown initiated...
2025-04-27 17:34:08.263 [SpringApplicationShutdownHook] INFO  com.zaxxer.hikari.HikariDataSource - HikariPool-1 - Shutdown completed.
2025-04-27 17:35:45.624 [main] INFO  com.example.chess.ChessApplication - Starting ChessApplication using Java 23.0.1 with PID 364 (D:\Java jetbrains\java spring projects\Chess\target\classes started by vova3 in D:\Java jetbrains\java spring projects\chess)
2025-04-27 17:35:45.625 [main] INFO  com.example.chess.ChessApplication - No active profile set, falling back to 1 default profile: "default"
2025-04-27 17:35:46.139 [main] INFO  o.s.d.r.c.RepositoryConfigurationDelegate - Bootstrapping Spring Data JPA repositories in DEFAULT mode.
2025-04-27 17:35:46.162 [main] INFO  o.s.d.r.c.RepositoryConfigurationDelegate - Finished Spring Data repository scanning in 15 ms. Found 0 JPA repository interfaces.
2025-04-27 17:35:46.607 [main] INFO  o.s.b.w.e.tomcat.TomcatWebServer - Tomcat initialized with port 8080 (http)
2025-04-27 17:35:46.640 [main] INFO  o.a.catalina.core.StandardService - Starting service [Tomcat]
2025-04-27 17:35:46.640 [main] INFO  o.a.catalina.core.StandardEngine - Starting Servlet engine: [Apache Tomcat/10.1.34]
2025-04-27 17:35:46.684 [main] INFO  o.a.c.c.C.[Tomcat].[localhost].[/] - Initializing Spring embedded WebApplicationContext
2025-04-27 17:35:46.684 [main] INFO  o.s.b.w.s.c.ServletWebServerApplicationContext - Root WebApplicationContext: initialization completed in 1023 ms
2025-04-27 17:35:46.791 [main] INFO  o.h.jpa.internal.util.LogHelper - HHH000204: Processing PersistenceUnitInfo [name: default]
2025-04-27 17:35:46.820 [main] INFO  org.hibernate.Version - HHH000412: Hibernate ORM core version 6.6.5.Final
2025-04-27 17:35:46.841 [main] INFO  o.h.c.i.RegionFactoryInitiator - HHH000026: Second-level cache disabled
2025-04-27 17:35:47.018 [main] INFO  o.s.o.j.p.SpringPersistenceUnitInfo - No LoadTimeWeaver setup: ignoring JPA class transformer
2025-04-27 17:35:47.033 [main] INFO  com.zaxxer.hikari.HikariDataSource - HikariPool-1 - Starting...
2025-04-27 17:35:47.140 [main] INFO  com.zaxxer.hikari.pool.HikariPool - HikariPool-1 - Added connection org.postgresql.jdbc.PgConnection@5b6cc344
2025-04-27 17:35:47.141 [main] INFO  com.zaxxer.hikari.HikariDataSource - HikariPool-1 - Start completed.
2025-04-27 17:35:47.183 [main] INFO  o.hibernate.orm.connections.pooling - HHH10001005: Database info:
	Database JDBC URL [Connecting through datasource 'HikariDataSource (HikariPool-1)']
	Database driver: undefined/unknown
	Database version: 17.0
	Autocommit mode: undefined/unknown
	Isolation level: undefined/unknown
	Minimum pool size: undefined/unknown
	Maximum pool size: undefined/unknown
2025-04-27 17:35:47.594 [main] INFO  o.h.m.i.EntityInstantiatorPojoStandard - HHH000182: No default (no-argument) constructor for class: com.example.chess.entity.Player (class must be instantiated by Interceptor)
2025-04-27 17:35:47.615 [main] INFO  o.h.m.i.EntityInstantiatorPojoStandard - HHH000182: No default (no-argument) constructor for class: com.example.chess.entity.GameInfo (class must be instantiated by Interceptor)
2025-04-27 17:35:47.746 [main] INFO  o.h.e.t.j.p.i.JtaPlatformInitiator - HHH000489: No JTA platform available (set 'hibernate.transaction.jta.platform' to enable JTA platform integration)
2025-04-27 17:35:47.816 [main] INFO  o.s.o.j.LocalContainerEntityManagerFactoryBean - Initialized JPA EntityManagerFactory for persistence unit 'default'
2025-04-27 17:35:47.832 [main] WARN  o.s.b.w.s.c.AnnotationConfigServletWebServerApplicationContext - Exception encountered during context initialization - cancelling refresh attempt: org.springframework.beans.factory.UnsatisfiedDependencyException: Error creating bean with name 'gameInfoController' defined in file [D:\Java jetbrains\java spring projects\Chess\target\classes\com\example\chess\controller\GameInfoController.class]: Unsatisfied dependency expressed through constructor parameter 0: No qualifying bean of type 'com.example.chess.service.GameInfoService' available: expected at least 1 bean which qualifies as autowire candidate. Dependency annotations: {}
2025-04-27 17:35:47.832 [main] INFO  o.s.o.j.LocalContainerEntityManagerFactoryBean - Closing JPA EntityManagerFactory for persistence unit 'default'
2025-04-27 17:35:47.834 [main] INFO  com.zaxxer.hikari.HikariDataSource - HikariPool-1 - Shutdown initiated...
2025-04-27 17:35:47.848 [main] INFO  com.zaxxer.hikari.HikariDataSource - HikariPool-1 - Shutdown completed.
2025-04-27 17:35:47.851 [main] INFO  o.a.catalina.core.StandardService - Stopping service [Tomcat]
2025-04-27 17:35:47.860 [main] INFO  o.s.b.a.l.ConditionEvaluationReportLogger - 

Error starting ApplicationContext. To display the condition evaluation report re-run your application with 'debug' enabled.
2025-04-27 17:35:47.880 [main] ERROR o.s.b.d.LoggingFailureAnalysisReporter - 

***************************
APPLICATION FAILED TO START
***************************

Description:

Parameter 0 of constructor in com.example.chess.controller.GameInfoController required a bean of type 'com.example.chess.service.GameInfoService' that could not be found.


Action:

Consider defining a bean of type 'com.example.chess.service.GameInfoService' in your configuration.

2025-04-27 17:35:57.903 [main] INFO  com.example.chess.ChessApplication - Starting ChessApplication using Java 23.0.1 with PID 16432 (D:\Java jetbrains\java spring projects\Chess\target\classes started by vova3 in D:\Java jetbrains\java spring projects\chess)
2025-04-27 17:35:57.904 [main] INFO  com.example.chess.ChessApplication - No active profile set, falling back to 1 default profile: "default"
2025-04-27 17:35:58.439 [main] INFO  o.s.d.r.c.RepositoryConfigurationDelegate - Bootstrapping Spring Data JPA repositories in DEFAULT mode.
2025-04-27 17:35:58.453 [main] INFO  o.s.d.r.c.RepositoryConfigurationDelegate - Finished Spring Data repository scanning in 8 ms. Found 0 JPA repository interfaces.
2025-04-27 17:35:58.873 [main] INFO  o.s.b.w.e.tomcat.TomcatWebServer - Tomcat initialized with port 8080 (http)
2025-04-27 17:35:58.900 [main] INFO  o.a.catalina.core.StandardService - Starting service [Tomcat]
2025-04-27 17:35:58.900 [main] INFO  o.a.catalina.core.StandardEngine - Starting Servlet engine: [Apache Tomcat/10.1.34]
2025-04-27 17:35:58.937 [main] INFO  o.a.c.c.C.[Tomcat].[localhost].[/] - Initializing Spring embedded WebApplicationContext
2025-04-27 17:35:58.937 [main] INFO  o.s.b.w.s.c.ServletWebServerApplicationContext - Root WebApplicationContext: initialization completed in 1000 ms
2025-04-27 17:35:59.048 [main] INFO  o.h.jpa.internal.util.LogHelper - HHH000204: Processing PersistenceUnitInfo [name: default]
2025-04-27 17:35:59.074 [main] INFO  org.hibernate.Version - HHH000412: Hibernate ORM core version 6.6.5.Final
2025-04-27 17:35:59.091 [main] INFO  o.h.c.i.RegionFactoryInitiator - HHH000026: Second-level cache disabled
2025-04-27 17:35:59.238 [main] INFO  o.s.o.j.p.SpringPersistenceUnitInfo - No LoadTimeWeaver setup: ignoring JPA class transformer
2025-04-27 17:35:59.264 [main] INFO  com.zaxxer.hikari.HikariDataSource - HikariPool-1 - Starting...
2025-04-27 17:35:59.421 [main] INFO  com.zaxxer.hikari.pool.HikariPool - HikariPool-1 - Added connection org.postgresql.jdbc.PgConnection@69f3e556
2025-04-27 17:35:59.422 [main] INFO  com.zaxxer.hikari.HikariDataSource - HikariPool-1 - Start completed.
2025-04-27 17:35:59.467 [main] INFO  o.hibernate.orm.connections.pooling - HHH10001005: Database info:
	Database JDBC URL [Connecting through datasource 'HikariDataSource (HikariPool-1)']
	Database driver: undefined/unknown
	Database version: 17.0
	Autocommit mode: undefined/unknown
	Isolation level: undefined/unknown
	Minimum pool size: undefined/unknown
	Maximum pool size: undefined/unknown
2025-04-27 17:35:59.872 [main] INFO  o.h.m.i.EntityInstantiatorPojoStandard - HHH000182: No default (no-argument) constructor for class: com.example.chess.entity.Player (class must be instantiated by Interceptor)
2025-04-27 17:35:59.891 [main] INFO  o.h.m.i.EntityInstantiatorPojoStandard - HHH000182: No default (no-argument) constructor for class: com.example.chess.entity.GameInfo (class must be instantiated by Interceptor)
2025-04-27 17:36:00.020 [main] INFO  o.h.e.t.j.p.i.JtaPlatformInitiator - HHH000489: No JTA platform available (set 'hibernate.transaction.jta.platform' to enable JTA platform integration)
2025-04-27 17:36:00.101 [main] INFO  o.s.o.j.LocalContainerEntityManagerFactoryBean - Initialized JPA EntityManagerFactory for persistence unit 'default'
2025-04-27 17:36:00.118 [main] WARN  o.s.b.w.s.c.AnnotationConfigServletWebServerApplicationContext - Exception encountered during context initialization - cancelling refresh attempt: org.springframework.beans.factory.UnsatisfiedDependencyException: Error creating bean with name 'gameInfoController' defined in file [D:\Java jetbrains\java spring projects\Chess\target\classes\com\example\chess\controller\GameInfoController.class]: Unsatisfied dependency expressed through constructor parameter 0: No qualifying bean of type 'com.example.chess.service.GameInfoService' available: expected at least 1 bean which qualifies as autowire candidate. Dependency annotations: {}
2025-04-27 17:36:00.118 [main] INFO  o.s.o.j.LocalContainerEntityManagerFactoryBean - Closing JPA EntityManagerFactory for persistence unit 'default'
2025-04-27 17:36:00.119 [main] INFO  com.zaxxer.hikari.HikariDataSource - HikariPool-1 - Shutdown initiated...
2025-04-27 17:36:00.148 [main] INFO  com.zaxxer.hikari.HikariDataSource - HikariPool-1 - Shutdown completed.
2025-04-27 17:36:00.150 [main] INFO  o.a.catalina.core.StandardService - Stopping service [Tomcat]
2025-04-27 17:36:00.165 [main] INFO  o.s.b.a.l.ConditionEvaluationReportLogger - 

Error starting ApplicationContext. To display the condition evaluation report re-run your application with 'debug' enabled.
2025-04-27 17:36:00.176 [main] ERROR o.s.b.d.LoggingFailureAnalysisReporter - 

***************************
APPLICATION FAILED TO START
***************************

Description:

Parameter 0 of constructor in com.example.chess.controller.GameInfoController required a bean of type 'com.example.chess.service.GameInfoService' that could not be found.


Action:

Consider defining a bean of type 'com.example.chess.service.GameInfoService' in your configuration.

2025-04-27 17:38:37.847 [main] INFO  com.example.chess.ChessApplication - Starting ChessApplication using Java 23.0.1 with PID 18800 (D:\Java jetbrains\java spring projects\Chess\target\classes started by vova3 in D:\Java jetbrains\java spring projects\chess)
2025-04-27 17:38:37.849 [main] INFO  com.example.chess.ChessApplication - No active profile set, falling back to 1 default profile: "default"
2025-04-27 17:38:39.146 [main] INFO  o.s.d.r.c.RepositoryConfigurationDelegate - Bootstrapping Spring Data JPA repositories in DEFAULT mode.
2025-04-27 17:38:39.186 [main] INFO  o.s.d.r.c.RepositoryConfigurationDelegate - Finished Spring Data repository scanning in 27 ms. Found 0 JPA repository interfaces.
2025-04-27 17:38:41.101 [main] INFO  o.s.b.w.e.tomcat.TomcatWebServer - Tomcat initialized with port 8080 (http)
2025-04-27 17:38:41.147 [main] INFO  o.a.catalina.core.StandardService - Starting service [Tomcat]
2025-04-27 17:38:41.149 [main] INFO  o.a.catalina.core.StandardEngine - Starting Servlet engine: [Apache Tomcat/10.1.34]
2025-04-27 17:38:41.407 [main] INFO  o.a.c.c.C.[Tomcat].[localhost].[/] - Initializing Spring embedded WebApplicationContext
2025-04-27 17:38:41.407 [main] INFO  o.s.b.w.s.c.ServletWebServerApplicationContext - Root WebApplicationContext: initialization completed in 3469 ms
2025-04-27 17:38:42.023 [main] INFO  o.h.jpa.internal.util.LogHelper - HHH000204: Processing PersistenceUnitInfo [name: default]
2025-04-27 17:38:42.195 [main] INFO  org.hibernate.Version - HHH000412: Hibernate ORM core version 6.6.5.Final
2025-04-27 17:38:42.273 [main] INFO  o.h.c.i.RegionFactoryInitiator - HHH000026: Second-level cache disabled
2025-04-27 17:38:43.068 [main] INFO  o.s.o.j.p.SpringPersistenceUnitInfo - No LoadTimeWeaver setup: ignoring JPA class transformer
2025-04-27 17:38:43.232 [main] INFO  com.zaxxer.hikari.HikariDataSource - HikariPool-1 - Starting...
2025-04-27 17:38:43.837 [main] INFO  com.zaxxer.hikari.pool.HikariPool - HikariPool-1 - Added connection org.postgresql.jdbc.PgConnection@629cbb1
2025-04-27 17:38:43.838 [main] INFO  com.zaxxer.hikari.HikariDataSource - HikariPool-1 - Start completed.
2025-04-27 17:38:43.888 [main] INFO  o.hibernate.orm.connections.pooling - HHH10001005: Database info:
	Database JDBC URL [Connecting through datasource 'HikariDataSource (HikariPool-1)']
	Database driver: undefined/unknown
	Database version: 17.0
	Autocommit mode: undefined/unknown
	Isolation level: undefined/unknown
	Minimum pool size: undefined/unknown
	Maximum pool size: undefined/unknown
2025-04-27 17:38:45.196 [main] INFO  o.h.m.i.EntityInstantiatorPojoStandard - HHH000182: No default (no-argument) constructor for class: com.example.chess.entity.Player (class must be instantiated by Interceptor)
2025-04-27 17:38:45.273 [main] INFO  o.h.m.i.EntityInstantiatorPojoStandard - HHH000182: No default (no-argument) constructor for class: com.example.chess.entity.GameInfo (class must be instantiated by Interceptor)
2025-04-27 17:38:46.088 [main] INFO  o.h.e.t.j.p.i.JtaPlatformInitiator - HHH000489: No JTA platform available (set 'hibernate.transaction.jta.platform' to enable JTA platform integration)
2025-04-27 17:38:46.243 [main] INFO  o.s.o.j.LocalContainerEntityManagerFactoryBean - Initialized JPA EntityManagerFactory for persistence unit 'default'
2025-04-27 17:38:46.283 [main] WARN  o.s.b.w.s.c.AnnotationConfigServletWebServerApplicationContext - Exception encountered during context initialization - cancelling refresh attempt: org.springframework.beans.factory.UnsatisfiedDependencyException: Error creating bean with name 'gameInfoController' defined in file [D:\Java jetbrains\java spring projects\Chess\target\classes\com\example\chess\controller\GameInfoController.class]: Unsatisfied dependency expressed through constructor parameter 0: No qualifying bean of type 'com.example.chess.service.GameInfoService' available: expected at least 1 bean which qualifies as autowire candidate. Dependency annotations: {}
2025-04-27 17:38:46.283 [main] INFO  o.s.o.j.LocalContainerEntityManagerFactoryBean - Closing JPA EntityManagerFactory for persistence unit 'default'
2025-04-27 17:38:46.287 [main] INFO  com.zaxxer.hikari.HikariDataSource - HikariPool-1 - Shutdown initiated...
2025-04-27 17:38:46.298 [main] INFO  com.zaxxer.hikari.HikariDataSource - HikariPool-1 - Shutdown completed.
2025-04-27 17:38:46.300 [main] INFO  o.a.catalina.core.StandardService - Stopping service [Tomcat]
2025-04-27 17:38:46.315 [main] INFO  o.s.b.a.l.ConditionEvaluationReportLogger - 

Error starting ApplicationContext. To display the condition evaluation report re-run your application with 'debug' enabled.
2025-04-27 17:38:46.336 [main] ERROR o.s.b.d.LoggingFailureAnalysisReporter - 

***************************
APPLICATION FAILED TO START
***************************

Description:

Parameter 0 of constructor in com.example.chess.controller.GameInfoController required a bean of type 'com.example.chess.service.GameInfoService' that could not be found.


Action:

Consider defining a bean of type 'com.example.chess.service.GameInfoService' in your configuration.

2025-04-27 17:39:00.256 [main] INFO  com.example.chess.ChessApplication - Starting ChessApplication using Java 23.0.1 with PID 13492 (D:\Java jetbrains\java spring projects\Chess\target\classes started by vova3 in D:\Java jetbrains\java spring projects\chess)
2025-04-27 17:39:00.256 [main] INFO  com.example.chess.ChessApplication - No active profile set, falling back to 1 default profile: "default"
2025-04-27 17:39:00.797 [main] INFO  o.s.d.r.c.RepositoryConfigurationDelegate - Bootstrapping Spring Data JPA repositories in DEFAULT mode.
2025-04-27 17:39:00.813 [main] INFO  o.s.d.r.c.RepositoryConfigurationDelegate - Finished Spring Data repository scanning in 11 ms. Found 0 JPA repository interfaces.
2025-04-27 17:39:01.242 [main] INFO  o.s.b.w.e.tomcat.TomcatWebServer - Tomcat initialized with port 8080 (http)
2025-04-27 17:39:01.263 [main] INFO  o.a.catalina.core.StandardService - Starting service [Tomcat]
2025-04-27 17:39:01.263 [main] INFO  o.a.catalina.core.StandardEngine - Starting Servlet engine: [Apache Tomcat/10.1.34]
2025-04-27 17:39:01.301 [main] INFO  o.a.c.c.C.[Tomcat].[localhost].[/] - Initializing Spring embedded WebApplicationContext
2025-04-27 17:39:01.301 [main] INFO  o.s.b.w.s.c.ServletWebServerApplicationContext - Root WebApplicationContext: initialization completed in 1009 ms
2025-04-27 17:39:01.414 [main] INFO  o.h.jpa.internal.util.LogHelper - HHH000204: Processing PersistenceUnitInfo [name: default]
2025-04-27 17:39:01.442 [main] INFO  org.hibernate.Version - HHH000412: Hibernate ORM core version 6.6.5.Final
2025-04-27 17:39:01.461 [main] INFO  o.h.c.i.RegionFactoryInitiator - HHH000026: Second-level cache disabled
2025-04-27 17:39:01.619 [main] INFO  o.s.o.j.p.SpringPersistenceUnitInfo - No LoadTimeWeaver setup: ignoring JPA class transformer
2025-04-27 17:39:01.641 [main] INFO  com.zaxxer.hikari.HikariDataSource - HikariPool-1 - Starting...
2025-04-27 17:39:01.818 [main] INFO  com.zaxxer.hikari.pool.HikariPool - HikariPool-1 - Added connection org.postgresql.jdbc.PgConnection@47e60b71
2025-04-27 17:39:01.818 [main] INFO  com.zaxxer.hikari.HikariDataSource - HikariPool-1 - Start completed.
2025-04-27 17:39:01.859 [main] INFO  o.hibernate.orm.connections.pooling - HHH10001005: Database info:
	Database JDBC URL [Connecting through datasource 'HikariDataSource (HikariPool-1)']
	Database driver: undefined/unknown
	Database version: 17.0
	Autocommit mode: undefined/unknown
	Isolation level: undefined/unknown
	Minimum pool size: undefined/unknown
	Maximum pool size: undefined/unknown
2025-04-27 17:39:02.260 [main] INFO  o.h.m.i.EntityInstantiatorPojoStandard - HHH000182: No default (no-argument) constructor for class: com.example.chess.entity.Player (class must be instantiated by Interceptor)
2025-04-27 17:39:02.285 [main] INFO  o.h.m.i.EntityInstantiatorPojoStandard - HHH000182: No default (no-argument) constructor for class: com.example.chess.entity.GameInfo (class must be instantiated by Interceptor)
2025-04-27 17:39:02.411 [main] INFO  o.h.e.t.j.p.i.JtaPlatformInitiator - HHH000489: No JTA platform available (set 'hibernate.transaction.jta.platform' to enable JTA platform integration)
2025-04-27 17:39:02.485 [main] INFO  o.s.o.j.LocalContainerEntityManagerFactoryBean - Initialized JPA EntityManagerFactory for persistence unit 'default'
2025-04-27 17:39:02.502 [main] WARN  o.s.b.w.s.c.AnnotationConfigServletWebServerApplicationContext - Exception encountered during context initialization - cancelling refresh attempt: org.springframework.beans.factory.UnsatisfiedDependencyException: Error creating bean with name 'gameInfoController' defined in file [D:\Java jetbrains\java spring projects\Chess\target\classes\com\example\chess\controller\GameInfoController.class]: Unsatisfied dependency expressed through constructor parameter 0: No qualifying bean of type 'com.example.chess.service.GameInfoService' available: expected at least 1 bean which qualifies as autowire candidate. Dependency annotations: {}
2025-04-27 17:39:02.503 [main] INFO  o.s.o.j.LocalContainerEntityManagerFactoryBean - Closing JPA EntityManagerFactory for persistence unit 'default'
2025-04-27 17:39:02.505 [main] INFO  com.zaxxer.hikari.HikariDataSource - HikariPool-1 - Shutdown initiated...
2025-04-27 17:39:02.512 [main] INFO  com.zaxxer.hikari.HikariDataSource - HikariPool-1 - Shutdown completed.
2025-04-27 17:39:02.513 [main] INFO  o.a.catalina.core.StandardService - Stopping service [Tomcat]
2025-04-27 17:39:02.520 [main] INFO  o.s.b.a.l.ConditionEvaluationReportLogger - 

Error starting ApplicationContext. To display the condition evaluation report re-run your application with 'debug' enabled.
2025-04-27 17:39:02.534 [main] ERROR o.s.b.d.LoggingFailureAnalysisReporter - 

***************************
APPLICATION FAILED TO START
***************************

Description:

Parameter 0 of constructor in com.example.chess.controller.GameInfoController required a bean of type 'com.example.chess.service.GameInfoService' that could not be found.


Action:

Consider defining a bean of type 'com.example.chess.service.GameInfoService' in your configuration.

2025-04-27 17:39:46.060 [main] INFO  com.example.chess.ChessApplication - Starting ChessApplication using Java 23.0.1 with PID 8396 (D:\Java jetbrains\java spring projects\Chess\target\classes started by vova3 in D:\Java jetbrains\java spring projects\chess)
2025-04-27 17:39:46.062 [main] INFO  com.example.chess.ChessApplication - No active profile set, falling back to 1 default profile: "default"
2025-04-27 17:39:46.593 [main] INFO  o.s.d.r.c.RepositoryConfigurationDelegate - Bootstrapping Spring Data JPA repositories in DEFAULT mode.
2025-04-27 17:39:46.606 [main] INFO  o.s.d.r.c.RepositoryConfigurationDelegate - Finished Spring Data repository scanning in 8 ms. Found 0 JPA repository interfaces.
2025-04-27 17:39:47.025 [main] INFO  o.s.b.w.e.tomcat.TomcatWebServer - Tomcat initialized with port 8080 (http)
2025-04-27 17:39:47.049 [main] INFO  o.a.catalina.core.StandardService - Starting service [Tomcat]
2025-04-27 17:39:47.051 [main] INFO  o.a.catalina.core.StandardEngine - Starting Servlet engine: [Apache Tomcat/10.1.34]
2025-04-27 17:39:47.090 [main] INFO  o.a.c.c.C.[Tomcat].[localhost].[/] - Initializing Spring embedded WebApplicationContext
2025-04-27 17:39:47.091 [main] INFO  o.s.b.w.s.c.ServletWebServerApplicationContext - Root WebApplicationContext: initialization completed in 990 ms
2025-04-27 17:39:47.194 [main] INFO  o.h.jpa.internal.util.LogHelper - HHH000204: Processing PersistenceUnitInfo [name: default]
2025-04-27 17:39:47.222 [main] INFO  org.hibernate.Version - HHH000412: Hibernate ORM core version 6.6.5.Final
2025-04-27 17:39:47.239 [main] INFO  o.h.c.i.RegionFactoryInitiator - HHH000026: Second-level cache disabled
2025-04-27 17:39:47.395 [main] INFO  o.s.o.j.p.SpringPersistenceUnitInfo - No LoadTimeWeaver setup: ignoring JPA class transformer
2025-04-27 17:39:47.410 [main] INFO  com.zaxxer.hikari.HikariDataSource - HikariPool-1 - Starting...
2025-04-27 17:39:47.519 [main] INFO  com.zaxxer.hikari.pool.HikariPool - HikariPool-1 - Added connection org.postgresql.jdbc.PgConnection@647ff23e
2025-04-27 17:39:47.520 [main] INFO  com.zaxxer.hikari.HikariDataSource - HikariPool-1 - Start completed.
2025-04-27 17:39:47.559 [main] INFO  o.hibernate.orm.connections.pooling - HHH10001005: Database info:
	Database JDBC URL [Connecting through datasource 'HikariDataSource (HikariPool-1)']
	Database driver: undefined/unknown
	Database version: 17.0
	Autocommit mode: undefined/unknown
	Isolation level: undefined/unknown
	Minimum pool size: undefined/unknown
	Maximum pool size: undefined/unknown
2025-04-27 17:39:47.961 [main] INFO  o.h.m.i.EntityInstantiatorPojoStandard - HHH000182: No default (no-argument) constructor for class: com.example.chess.entity.Player (class must be instantiated by Interceptor)
2025-04-27 17:39:47.979 [main] INFO  o.h.m.i.EntityInstantiatorPojoStandard - HHH000182: No default (no-argument) constructor for class: com.example.chess.entity.GameInfo (class must be instantiated by Interceptor)
2025-04-27 17:39:48.120 [main] INFO  o.h.e.t.j.p.i.JtaPlatformInitiator - HHH000489: No JTA platform available (set 'hibernate.transaction.jta.platform' to enable JTA platform integration)
2025-04-27 17:39:48.196 [main] INFO  o.s.o.j.LocalContainerEntityManagerFactoryBean - Initialized JPA EntityManagerFactory for persistence unit 'default'
2025-04-27 17:39:48.214 [main] WARN  o.s.b.w.s.c.AnnotationConfigServletWebServerApplicationContext - Exception encountered during context initialization - cancelling refresh attempt: org.springframework.beans.factory.UnsatisfiedDependencyException: Error creating bean with name 'gameInfoController' defined in file [D:\Java jetbrains\java spring projects\Chess\target\classes\com\example\chess\controller\GameInfoController.class]: Unsatisfied dependency expressed through constructor parameter 0: No qualifying bean of type 'com.example.chess.service.GameInfoService' available: expected at least 1 bean which qualifies as autowire candidate. Dependency annotations: {}
2025-04-27 17:39:48.214 [main] INFO  o.s.o.j.LocalContainerEntityManagerFactoryBean - Closing JPA EntityManagerFactory for persistence unit 'default'
2025-04-27 17:39:48.216 [main] INFO  com.zaxxer.hikari.HikariDataSource - HikariPool-1 - Shutdown initiated...
2025-04-27 17:39:48.231 [main] INFO  com.zaxxer.hikari.HikariDataSource - HikariPool-1 - Shutdown completed.
2025-04-27 17:39:48.233 [main] INFO  o.a.catalina.core.StandardService - Stopping service [Tomcat]
2025-04-27 17:39:48.242 [main] INFO  o.s.b.a.l.ConditionEvaluationReportLogger - 

Error starting ApplicationContext. To display the condition evaluation report re-run your application with 'debug' enabled.
2025-04-27 17:39:48.254 [main] ERROR o.s.b.d.LoggingFailureAnalysisReporter - 

***************************
APPLICATION FAILED TO START
***************************

Description:

Parameter 0 of constructor in com.example.chess.controller.GameInfoController required a bean of type 'com.example.chess.service.GameInfoService' that could not be found.


Action:

Consider defining a bean of type 'com.example.chess.service.GameInfoService' in your configuration.

2025-04-27 17:45:34.160 [main] INFO  com.example.chess.ChessApplication - Starting ChessApplication using Java 23.0.1 with PID 19152 (D:\Java jetbrains\java spring projects\Chess\target\classes started by vova3 in D:\Java jetbrains\java spring projects\chess)
2025-04-27 17:45:34.161 [main] INFO  com.example.chess.ChessApplication - No active profile set, falling back to 1 default profile: "default"
2025-04-27 17:45:34.695 [main] INFO  o.s.d.r.c.RepositoryConfigurationDelegate - Bootstrapping Spring Data JPA repositories in DEFAULT mode.
2025-04-27 17:45:34.719 [main] INFO  o.s.d.r.c.RepositoryConfigurationDelegate - Finished Spring Data repository scanning in 16 ms. Found 0 JPA repository interfaces.
2025-04-27 17:45:35.190 [main] INFO  o.s.b.w.e.tomcat.TomcatWebServer - Tomcat initialized with port 8080 (http)
2025-04-27 17:45:35.207 [main] INFO  o.a.catalina.core.StandardService - Starting service [Tomcat]
2025-04-27 17:45:35.207 [main] INFO  o.a.catalina.core.StandardEngine - Starting Servlet engine: [Apache Tomcat/10.1.34]
2025-04-27 17:45:35.249 [main] INFO  o.a.c.c.C.[Tomcat].[localhost].[/] - Initializing Spring embedded WebApplicationContext
2025-04-27 17:45:35.249 [main] INFO  o.s.b.w.s.c.ServletWebServerApplicationContext - Root WebApplicationContext: initialization completed in 1054 ms
2025-04-27 17:45:35.400 [main] INFO  o.h.jpa.internal.util.LogHelper - HHH000204: Processing PersistenceUnitInfo [name: default]
2025-04-27 17:45:35.434 [main] INFO  org.hibernate.Version - HHH000412: Hibernate ORM core version 6.6.5.Final
2025-04-27 17:45:35.466 [main] INFO  o.h.c.i.RegionFactoryInitiator - HHH000026: Second-level cache disabled
2025-04-27 17:45:35.641 [main] INFO  o.s.o.j.p.SpringPersistenceUnitInfo - No LoadTimeWeaver setup: ignoring JPA class transformer
2025-04-27 17:45:35.664 [main] INFO  com.zaxxer.hikari.HikariDataSource - HikariPool-1 - Starting...
2025-04-27 17:45:35.840 [main] INFO  com.zaxxer.hikari.pool.HikariPool - HikariPool-1 - Added connection org.postgresql.jdbc.PgConnection@362be0cd
2025-04-27 17:45:35.842 [main] INFO  com.zaxxer.hikari.HikariDataSource - HikariPool-1 - Start completed.
2025-04-27 17:45:35.889 [main] INFO  o.hibernate.orm.connections.pooling - HHH10001005: Database info:
	Database JDBC URL [Connecting through datasource 'HikariDataSource (HikariPool-1)']
	Database driver: undefined/unknown
	Database version: 17.0
	Autocommit mode: undefined/unknown
	Isolation level: undefined/unknown
	Minimum pool size: undefined/unknown
	Maximum pool size: undefined/unknown
2025-04-27 17:45:36.319 [main] INFO  o.h.m.i.EntityInstantiatorPojoStandard - HHH000182: No default (no-argument) constructor for class: com.example.chess.entity.Player (class must be instantiated by Interceptor)
2025-04-27 17:45:36.341 [main] INFO  o.h.m.i.EntityInstantiatorPojoStandard - HHH000182: No default (no-argument) constructor for class: com.example.chess.entity.GameInfo (class must be instantiated by Interceptor)
2025-04-27 17:45:36.470 [main] INFO  o.h.e.t.j.p.i.JtaPlatformInitiator - HHH000489: No JTA platform available (set 'hibernate.transaction.jta.platform' to enable JTA platform integration)
2025-04-27 17:45:36.539 [main] INFO  o.s.o.j.LocalContainerEntityManagerFactoryBean - Initialized JPA EntityManagerFactory for persistence unit 'default'
2025-04-27 17:45:36.558 [main] WARN  o.s.b.w.s.c.AnnotationConfigServletWebServerApplicationContext - Exception encountered during context initialization - cancelling refresh attempt: org.springframework.beans.factory.UnsatisfiedDependencyException: Error creating bean with name 'gameInfoController' defined in file [D:\Java jetbrains\java spring projects\Chess\target\classes\com\example\chess\controller\GameInfoController.class]: Unsatisfied dependency expressed through constructor parameter 0: No qualifying bean of type 'com.example.chess.service.GameInfoService' available: expected at least 1 bean which qualifies as autowire candidate. Dependency annotations: {}
2025-04-27 17:45:36.558 [main] INFO  o.s.o.j.LocalContainerEntityManagerFactoryBean - Closing JPA EntityManagerFactory for persistence unit 'default'
2025-04-27 17:45:36.560 [main] INFO  com.zaxxer.hikari.HikariDataSource - HikariPool-1 - Shutdown initiated...
2025-04-27 17:45:36.622 [main] INFO  com.zaxxer.hikari.HikariDataSource - HikariPool-1 - Shutdown completed.
2025-04-27 17:45:36.624 [main] INFO  o.a.catalina.core.StandardService - Stopping service [Tomcat]
2025-04-27 17:45:36.638 [main] INFO  o.s.b.a.l.ConditionEvaluationReportLogger - 

Error starting ApplicationContext. To display the condition evaluation report re-run your application with 'debug' enabled.
2025-04-27 17:45:36.659 [main] ERROR o.s.b.d.LoggingFailureAnalysisReporter - 

***************************
APPLICATION FAILED TO START
***************************

Description:

Parameter 0 of constructor in com.example.chess.controller.GameInfoController required a bean of type 'com.example.chess.service.GameInfoService' that could not be found.


Action:

Consider defining a bean of type 'com.example.chess.service.GameInfoService' in your configuration.

