2025-04-28 22:04:39.132 [main] INFO  com.example.chess.ChessApplication - Starting ChessApplication using Java 23.0.1 with PID 19520 (D:\Java jetbrains\java spring projects\Chess\target\classes started by vova3 in D:\Java jetbrains\java spring projects\chess)
2025-04-28 22:04:39.137 [main] INFO  com.example.chess.ChessApplication - No active profile set, falling back to 1 default profile: "default"
2025-04-28 22:04:40.015 [main] INFO  o.s.d.r.c.RepositoryConfigurationDelegate - Bootstrapping Spring Data JPA repositories in DEFAULT mode.
2025-04-28 22:04:40.081 [main] INFO  o.s.d.r.c.RepositoryConfigurationDelegate - Finished Spring Data repository scanning in 59 ms. Found 2 JPA repository interfaces.
2025-04-28 22:04:40.720 [main] INFO  o.s.b.w.e.tomcat.TomcatWebServer - Tomcat initialized with port 8080 (http)
2025-04-28 22:04:40.731 [main] INFO  o.a.catalina.core.StandardService - Starting service [Tomcat]
2025-04-28 22:04:40.731 [main] INFO  o.a.catalina.core.StandardEngine - Starting Servlet engine: [Apache Tomcat/10.1.34]
2025-04-28 22:04:40.775 [main] INFO  o.a.c.c.C.[Tomcat].[localhost].[/] - Initializing Spring embedded WebApplicationContext
2025-04-28 22:04:40.775 [main] INFO  o.s.b.w.s.c.ServletWebServerApplicationContext - Root WebApplicationContext: initialization completed in 1599 ms
2025-04-28 22:04:41.064 [main] INFO  o.h.jpa.internal.util.LogHelper - HHH000204: Processing PersistenceUnitInfo [name: default]
2025-04-28 22:04:41.126 [main] INFO  org.hibernate.Version - HHH000412: Hibernate ORM core version 6.6.5.Final
2025-04-28 22:04:41.158 [main] INFO  o.h.c.i.RegionFactoryInitiator - HHH000026: Second-level cache disabled
2025-04-28 22:04:41.372 [main] INFO  o.s.o.j.p.SpringPersistenceUnitInfo - No LoadTimeWeaver setup: ignoring JPA class transformer
2025-04-28 22:04:41.403 [main] INFO  com.zaxxer.hikari.HikariDataSource - HikariPool-1 - Starting...
2025-04-28 22:04:41.564 [main] INFO  com.zaxxer.hikari.pool.HikariPool - HikariPool-1 - Added connection org.postgresql.jdbc.PgConnection@18f27a81
2025-04-28 22:04:41.565 [main] INFO  com.zaxxer.hikari.HikariDataSource - HikariPool-1 - Start completed.
2025-04-28 22:04:41.634 [main] INFO  o.hibernate.orm.connections.pooling - HHH10001005: Database info:
	Database JDBC URL [Connecting through datasource 'HikariDataSource (HikariPool-1)']
	Database driver: undefined/unknown
	Database version: 17.0
	Autocommit mode: undefined/unknown
	Isolation level: undefined/unknown
	Minimum pool size: undefined/unknown
	Maximum pool size: undefined/unknown
2025-04-28 22:04:42.354 [main] INFO  o.h.e.t.j.p.i.JtaPlatformInitiator - HHH000489: No JTA platform available (set 'hibernate.transaction.jta.platform' to enable JTA platform integration)
2025-04-28 22:04:42.447 [main] INFO  o.s.o.j.LocalContainerEntityManagerFactoryBean - Initialized JPA EntityManagerFactory for persistence unit 'default'
2025-04-28 22:04:42.779 [main] INFO  o.s.d.j.r.query.QueryEnhancerFactory - Hibernate is in classpath; If applicable, HQL parser will be used.
2025-04-28 22:04:43.486 [main] INFO  com.example.chess.utils.Cache - Cache created with capacity: 100
2025-04-28 22:04:44.240 [main] INFO  o.s.b.a.e.web.EndpointLinksResolver - Exposing 1 endpoint beneath base path '/actuator'
2025-04-28 22:04:44.923 [main] INFO  o.s.b.w.e.tomcat.TomcatWebServer - Tomcat started on port 8080 (http) with context path '/'
2025-04-28 22:04:44.932 [main] INFO  com.example.chess.ChessApplication - Started ChessApplication in 6.193 seconds (process running for 6.672)
2025-04-28 22:04:45.577 [RMI TCP Connection(4)-192.168.31.98] INFO  o.a.c.c.C.[Tomcat].[localhost].[/] - Initializing Spring DispatcherServlet 'dispatcherServlet'
2025-04-28 22:04:45.577 [RMI TCP Connection(4)-192.168.31.98] INFO  o.s.web.servlet.DispatcherServlet - Initializing Servlet 'dispatcherServlet'
2025-04-28 22:04:45.579 [RMI TCP Connection(4)-192.168.31.98] INFO  o.s.web.servlet.DispatcherServlet - Completed initialization in 2 ms
2025-04-28 22:06:05.242 [http-nio-8080-exec-1] INFO  com.example.chess.aspect.LogAspect - Starting method [ResponseEntity com.example.chess.controller.GameInfoController.getAllGames()]  with arguments [method without arguments]
2025-04-28 22:06:05.245 [http-nio-8080-exec-1] INFO  com.example.chess.aspect.LogAspect - Starting method [List com.example.chess.service.implementation.GameInfoServiceImpl.getAllGames()]  with arguments [method without arguments]
2025-04-28 22:06:05.329 [http-nio-8080-exec-1] INFO  com.example.chess.aspect.LogAspect - Method [List com.example.chess.service.implementation.GameInfoServiceImpl.getAllGames()] successfully executed with result [[GameInfoResponse(id=16, startTime=2023-05-20T15:30, endTime=2023-05-20T16:45, whitePlayer=PlayerResponse(id=17, email=vova@viva.com, name=valldemarius), blackPlayer=PlayerResponse(id=18, email=PASHA@technik.com, name=MCteqnique), status=MATE, notes=INTERESTING), GameInfoResponse(id=21, startTime=2023-05-20T15:30, endTime=2023-05-20T16:45, whitePlayer=PlayerResponse(id=18, email=PASHA@technik.com, name=MCteqnique), blackPlayer=PlayerResponse(id=20, email=aGe@megg.com, name=Georg), status=PAT, notes=fff)]]
2025-04-28 22:06:05.343 [http-nio-8080-exec-1] INFO  com.example.chess.aspect.LogAspect - Method [ResponseEntity com.example.chess.controller.GameInfoController.getAllGames()] successfully executed with result [<200 OK OK,[GameInfoResponse(id=16, startTime=2023-05-20T15:30, endTime=2023-05-20T16:45, whitePlayer=PlayerResponse(id=17, email=vova@viva.com, name=valldemarius), blackPlayer=PlayerResponse(id=18, email=PASHA@technik.com, name=MCteqnique), status=MATE, notes=INTERESTING), GameInfoResponse(id=21, startTime=2023-05-20T15:30, endTime=2023-05-20T16:45, whitePlayer=PlayerResponse(id=18, email=PASHA@technik.com, name=MCteqnique), blackPlayer=PlayerResponse(id=20, email=aGe@megg.com, name=Georg), status=PAT, notes=fff)],[]>]
2025-04-28 22:07:09.398 [SpringApplicationShutdownHook] INFO  o.s.b.w.e.tomcat.GracefulShutdown - Commencing graceful shutdown. Waiting for active requests to complete
2025-04-28 22:07:09.401 [tomcat-shutdown] INFO  o.s.b.w.e.tomcat.GracefulShutdown - Graceful shutdown complete
2025-04-28 22:07:09.404 [SpringApplicationShutdownHook] INFO  o.s.o.j.LocalContainerEntityManagerFactoryBean - Closing JPA EntityManagerFactory for persistence unit 'default'
2025-04-28 22:07:09.405 [SpringApplicationShutdownHook] INFO  com.zaxxer.hikari.HikariDataSource - HikariPool-1 - Shutdown initiated...
2025-04-28 22:07:09.410 [SpringApplicationShutdownHook] INFO  com.zaxxer.hikari.HikariDataSource - HikariPool-1 - Shutdown completed.
2025-04-28 22:27:51.250 [main] INFO  com.example.chess.ChessApplication - Starting ChessApplication using Java 23.0.1 with PID 11316 (D:\Java jetbrains\java spring projects\Chess\target\classes started by vova3 in D:\Java jetbrains\java spring projects\chess)
2025-04-28 22:27:51.251 [main] INFO  com.example.chess.ChessApplication - No active profile set, falling back to 1 default profile: "default"
2025-04-28 22:27:52.093 [main] INFO  o.s.d.r.c.RepositoryConfigurationDelegate - Bootstrapping Spring Data JPA repositories in DEFAULT mode.
2025-04-28 22:27:52.111 [main] INFO  o.s.d.r.c.RepositoryConfigurationDelegate - Finished Spring Data repository scanning in 10 ms. Found 0 JPA repository interfaces.
2025-04-28 22:27:52.741 [main] INFO  o.s.b.w.e.tomcat.TomcatWebServer - Tomcat initialized with port 8080 (http)
2025-04-28 22:27:52.751 [main] INFO  o.a.catalina.core.StandardService - Starting service [Tomcat]
2025-04-28 22:27:52.751 [main] INFO  o.a.catalina.core.StandardEngine - Starting Servlet engine: [Apache Tomcat/10.1.34]
2025-04-28 22:27:52.824 [main] INFO  o.a.c.c.C.[Tomcat].[localhost].[/] - Initializing Spring embedded WebApplicationContext
2025-04-28 22:27:52.824 [main] INFO  o.s.b.w.s.c.ServletWebServerApplicationContext - Root WebApplicationContext: initialization completed in 1522 ms
2025-04-28 22:27:53.201 [main] INFO  o.h.jpa.internal.util.LogHelper - HHH000204: Processing PersistenceUnitInfo [name: default]
2025-04-28 22:27:53.242 [main] INFO  org.hibernate.Version - HHH000412: Hibernate ORM core version 6.6.5.Final
2025-04-28 22:27:53.266 [main] INFO  o.h.c.i.RegionFactoryInitiator - HHH000026: Second-level cache disabled
2025-04-28 22:27:53.444 [main] INFO  o.s.o.j.p.SpringPersistenceUnitInfo - No LoadTimeWeaver setup: ignoring JPA class transformer
2025-04-28 22:27:53.466 [main] INFO  com.zaxxer.hikari.HikariDataSource - HikariPool-1 - Starting...
2025-04-28 22:27:53.812 [main] INFO  com.zaxxer.hikari.pool.HikariPool - HikariPool-1 - Added connection org.postgresql.jdbc.PgConnection@2e7517aa
2025-04-28 22:27:53.813 [main] INFO  com.zaxxer.hikari.HikariDataSource - HikariPool-1 - Start completed.
2025-04-28 22:27:53.879 [main] INFO  o.hibernate.orm.connections.pooling - HHH10001005: Database info:
	Database JDBC URL [Connecting through datasource 'HikariDataSource (HikariPool-1)']
	Database driver: undefined/unknown
	Database version: 17.0
	Autocommit mode: undefined/unknown
	Isolation level: undefined/unknown
	Minimum pool size: undefined/unknown
	Maximum pool size: undefined/unknown
2025-04-28 22:27:54.320 [main] INFO  o.h.m.i.EntityInstantiatorPojoStandard - HHH000182: No default (no-argument) constructor for class: com.example.chess.entity.Player (class must be instantiated by Interceptor)
2025-04-28 22:27:54.349 [main] INFO  o.h.m.i.EntityInstantiatorPojoStandard - HHH000182: No default (no-argument) constructor for class: com.example.chess.entity.GameInfo (class must be instantiated by Interceptor)
2025-04-28 22:27:54.488 [main] INFO  o.h.e.t.j.p.i.JtaPlatformInitiator - HHH000489: No JTA platform available (set 'hibernate.transaction.jta.platform' to enable JTA platform integration)
2025-04-28 22:27:54.570 [main] INFO  o.s.o.j.LocalContainerEntityManagerFactoryBean - Initialized JPA EntityManagerFactory for persistence unit 'default'
2025-04-28 22:27:54.592 [main] WARN  o.s.b.w.s.c.AnnotationConfigServletWebServerApplicationContext - Exception encountered during context initialization - cancelling refresh attempt: org.springframework.beans.factory.UnsatisfiedDependencyException: Error creating bean with name 'gameInfoController' defined in file [D:\Java jetbrains\java spring projects\Chess\target\classes\com\example\chess\controller\GameInfoController.class]: Unsatisfied dependency expressed through constructor parameter 0: No qualifying bean of type 'com.example.chess.service.GameInfoService' available: expected at least 1 bean which qualifies as autowire candidate. Dependency annotations: {}
2025-04-28 22:27:54.593 [main] INFO  o.s.o.j.LocalContainerEntityManagerFactoryBean - Closing JPA EntityManagerFactory for persistence unit 'default'
2025-04-28 22:27:54.595 [main] INFO  com.zaxxer.hikari.HikariDataSource - HikariPool-1 - Shutdown initiated...
2025-04-28 22:27:54.654 [main] INFO  com.zaxxer.hikari.HikariDataSource - HikariPool-1 - Shutdown completed.
2025-04-28 22:27:54.657 [main] INFO  o.a.catalina.core.StandardService - Stopping service [Tomcat]
2025-04-28 22:27:54.682 [main] INFO  o.s.b.a.l.ConditionEvaluationReportLogger - 

Error starting ApplicationContext. To display the condition evaluation report re-run your application with 'debug' enabled.
2025-04-28 22:27:54.707 [main] ERROR o.s.b.d.LoggingFailureAnalysisReporter - 

***************************
APPLICATION FAILED TO START
***************************

Description:

Parameter 0 of constructor in com.example.chess.controller.GameInfoController required a bean of type 'com.example.chess.service.GameInfoService' that could not be found.


Action:

Consider defining a bean of type 'com.example.chess.service.GameInfoService' in your configuration.

2025-04-28 22:29:24.102 [main] INFO  com.example.chess.ChessApplication - Starting ChessApplication using Java 23.0.1 with PID 14900 (D:\Java jetbrains\java spring projects\Chess\target\classes started by vova3 in D:\Java jetbrains\java spring projects\chess)
2025-04-28 22:29:24.102 [main] INFO  com.example.chess.ChessApplication - No active profile set, falling back to 1 default profile: "default"
2025-04-28 22:29:24.892 [main] INFO  o.s.d.r.c.RepositoryConfigurationDelegate - Bootstrapping Spring Data JPA repositories in DEFAULT mode.
2025-04-28 22:29:24.909 [main] INFO  o.s.d.r.c.RepositoryConfigurationDelegate - Finished Spring Data repository scanning in 10 ms. Found 0 JPA repository interfaces.
2025-04-28 22:29:25.504 [main] INFO  o.s.b.w.e.tomcat.TomcatWebServer - Tomcat initialized with port 8080 (http)
2025-04-28 22:29:25.512 [main] INFO  o.a.catalina.core.StandardService - Starting service [Tomcat]
2025-04-28 22:29:25.513 [main] INFO  o.a.catalina.core.StandardEngine - Starting Servlet engine: [Apache Tomcat/10.1.34]
2025-04-28 22:29:25.567 [main] INFO  o.a.c.c.C.[Tomcat].[localhost].[/] - Initializing Spring embedded WebApplicationContext
2025-04-28 22:29:25.568 [main] INFO  o.s.b.w.s.c.ServletWebServerApplicationContext - Root WebApplicationContext: initialization completed in 1425 ms
2025-04-28 22:29:25.870 [main] INFO  o.h.jpa.internal.util.LogHelper - HHH000204: Processing PersistenceUnitInfo [name: default]
2025-04-28 22:29:25.903 [main] INFO  org.hibernate.Version - HHH000412: Hibernate ORM core version 6.6.5.Final
2025-04-28 22:29:25.921 [main] INFO  o.h.c.i.RegionFactoryInitiator - HHH000026: Second-level cache disabled
2025-04-28 22:29:26.076 [main] INFO  o.s.o.j.p.SpringPersistenceUnitInfo - No LoadTimeWeaver setup: ignoring JPA class transformer
2025-04-28 22:29:26.104 [main] INFO  com.zaxxer.hikari.HikariDataSource - HikariPool-1 - Starting...
2025-04-28 22:29:26.239 [main] INFO  com.zaxxer.hikari.pool.HikariPool - HikariPool-1 - Added connection org.postgresql.jdbc.PgConnection@7836c79
2025-04-28 22:29:26.242 [main] INFO  com.zaxxer.hikari.HikariDataSource - HikariPool-1 - Start completed.
2025-04-28 22:29:26.290 [main] INFO  o.hibernate.orm.connections.pooling - HHH10001005: Database info:
	Database JDBC URL [Connecting through datasource 'HikariDataSource (HikariPool-1)']
	Database driver: undefined/unknown
	Database version: 17.0
	Autocommit mode: undefined/unknown
	Isolation level: undefined/unknown
	Minimum pool size: undefined/unknown
	Maximum pool size: undefined/unknown
2025-04-28 22:29:26.712 [main] INFO  o.h.m.i.EntityInstantiatorPojoStandard - HHH000182: No default (no-argument) constructor for class: com.example.chess.entity.Player (class must be instantiated by Interceptor)
2025-04-28 22:29:26.735 [main] INFO  o.h.m.i.EntityInstantiatorPojoStandard - HHH000182: No default (no-argument) constructor for class: com.example.chess.entity.GameInfo (class must be instantiated by Interceptor)
2025-04-28 22:29:26.876 [main] INFO  o.h.e.t.j.p.i.JtaPlatformInitiator - HHH000489: No JTA platform available (set 'hibernate.transaction.jta.platform' to enable JTA platform integration)
2025-04-28 22:29:26.951 [main] INFO  o.s.o.j.LocalContainerEntityManagerFactoryBean - Initialized JPA EntityManagerFactory for persistence unit 'default'
2025-04-28 22:29:26.970 [main] WARN  o.s.b.w.s.c.AnnotationConfigServletWebServerApplicationContext - Exception encountered during context initialization - cancelling refresh attempt: org.springframework.beans.factory.UnsatisfiedDependencyException: Error creating bean with name 'gameInfoController' defined in file [D:\Java jetbrains\java spring projects\Chess\target\classes\com\example\chess\controller\GameInfoController.class]: Unsatisfied dependency expressed through constructor parameter 0: No qualifying bean of type 'com.example.chess.service.GameInfoService' available: expected at least 1 bean which qualifies as autowire candidate. Dependency annotations: {}
2025-04-28 22:29:26.972 [main] INFO  o.s.o.j.LocalContainerEntityManagerFactoryBean - Closing JPA EntityManagerFactory for persistence unit 'default'
2025-04-28 22:29:26.973 [main] INFO  com.zaxxer.hikari.HikariDataSource - HikariPool-1 - Shutdown initiated...
2025-04-28 22:29:27.176 [main] INFO  com.zaxxer.hikari.HikariDataSource - HikariPool-1 - Shutdown completed.
2025-04-28 22:29:27.178 [main] INFO  o.a.catalina.core.StandardService - Stopping service [Tomcat]
2025-04-28 22:29:27.191 [main] INFO  o.s.b.a.l.ConditionEvaluationReportLogger - 

Error starting ApplicationContext. To display the condition evaluation report re-run your application with 'debug' enabled.
2025-04-28 22:29:27.210 [main] ERROR o.s.b.d.LoggingFailureAnalysisReporter - 

***************************
APPLICATION FAILED TO START
***************************

Description:

Parameter 0 of constructor in com.example.chess.controller.GameInfoController required a bean of type 'com.example.chess.service.GameInfoService' that could not be found.


Action:

Consider defining a bean of type 'com.example.chess.service.GameInfoService' in your configuration.

2025-04-28 22:30:24.995 [main] INFO  com.example.chess.ChessApplication - Starting ChessApplication using Java 23.0.1 with PID 26280 (D:\Java jetbrains\java spring projects\Chess\target\classes started by vova3 in D:\Java jetbrains\java spring projects\chess)
2025-04-28 22:30:24.996 [main] INFO  com.example.chess.ChessApplication - No active profile set, falling back to 1 default profile: "default"
2025-04-28 22:30:25.810 [main] INFO  o.s.d.r.c.RepositoryConfigurationDelegate - Bootstrapping Spring Data JPA repositories in DEFAULT mode.
2025-04-28 22:30:25.829 [main] INFO  o.s.d.r.c.RepositoryConfigurationDelegate - Finished Spring Data repository scanning in 12 ms. Found 0 JPA repository interfaces.
2025-04-28 22:30:26.458 [main] INFO  o.s.b.w.e.tomcat.TomcatWebServer - Tomcat initialized with port 8080 (http)
2025-04-28 22:30:26.468 [main] INFO  o.a.catalina.core.StandardService - Starting service [Tomcat]
2025-04-28 22:30:26.468 [main] INFO  o.a.catalina.core.StandardEngine - Starting Servlet engine: [Apache Tomcat/10.1.34]
2025-04-28 22:30:26.533 [main] INFO  o.a.c.c.C.[Tomcat].[localhost].[/] - Initializing Spring embedded WebApplicationContext
2025-04-28 22:30:26.533 [main] INFO  o.s.b.w.s.c.ServletWebServerApplicationContext - Root WebApplicationContext: initialization completed in 1502 ms
2025-04-28 22:30:26.768 [main] INFO  o.h.jpa.internal.util.LogHelper - HHH000204: Processing PersistenceUnitInfo [name: default]
2025-04-28 22:30:26.794 [main] INFO  org.hibernate.Version - HHH000412: Hibernate ORM core version 6.6.5.Final
2025-04-28 22:30:26.813 [main] INFO  o.h.c.i.RegionFactoryInitiator - HHH000026: Second-level cache disabled
2025-04-28 22:30:26.952 [main] INFO  o.s.o.j.p.SpringPersistenceUnitInfo - No LoadTimeWeaver setup: ignoring JPA class transformer
2025-04-28 22:30:26.976 [main] INFO  com.zaxxer.hikari.HikariDataSource - HikariPool-1 - Starting...
2025-04-28 22:30:27.127 [main] INFO  com.zaxxer.hikari.pool.HikariPool - HikariPool-1 - Added connection org.postgresql.jdbc.PgConnection@64887fbc
2025-04-28 22:30:27.129 [main] INFO  com.zaxxer.hikari.HikariDataSource - HikariPool-1 - Start completed.
2025-04-28 22:30:27.170 [main] INFO  o.hibernate.orm.connections.pooling - HHH10001005: Database info:
	Database JDBC URL [Connecting through datasource 'HikariDataSource (HikariPool-1)']
	Database driver: undefined/unknown
	Database version: 17.0
	Autocommit mode: undefined/unknown
	Isolation level: undefined/unknown
	Minimum pool size: undefined/unknown
	Maximum pool size: undefined/unknown
2025-04-28 22:30:27.601 [main] INFO  o.h.m.i.EntityInstantiatorPojoStandard - HHH000182: No default (no-argument) constructor for class: com.example.chess.entity.Player (class must be instantiated by Interceptor)
2025-04-28 22:30:27.620 [main] INFO  o.h.m.i.EntityInstantiatorPojoStandard - HHH000182: No default (no-argument) constructor for class: com.example.chess.entity.GameInfo (class must be instantiated by Interceptor)
2025-04-28 22:30:27.763 [main] INFO  o.h.e.t.j.p.i.JtaPlatformInitiator - HHH000489: No JTA platform available (set 'hibernate.transaction.jta.platform' to enable JTA platform integration)
2025-04-28 22:30:27.836 [main] INFO  o.s.o.j.LocalContainerEntityManagerFactoryBean - Initialized JPA EntityManagerFactory for persistence unit 'default'
2025-04-28 22:30:27.856 [main] WARN  o.s.b.w.s.c.AnnotationConfigServletWebServerApplicationContext - Exception encountered during context initialization - cancelling refresh attempt: org.springframework.beans.factory.UnsatisfiedDependencyException: Error creating bean with name 'gameInfoController' defined in file [D:\Java jetbrains\java spring projects\Chess\target\classes\com\example\chess\controller\GameInfoController.class]: Unsatisfied dependency expressed through constructor parameter 0: No qualifying bean of type 'com.example.chess.service.GameInfoService' available: expected at least 1 bean which qualifies as autowire candidate. Dependency annotations: {}
2025-04-28 22:30:27.856 [main] INFO  o.s.o.j.LocalContainerEntityManagerFactoryBean - Closing JPA EntityManagerFactory for persistence unit 'default'
2025-04-28 22:30:27.858 [main] INFO  com.zaxxer.hikari.HikariDataSource - HikariPool-1 - Shutdown initiated...
2025-04-28 22:30:28.038 [main] INFO  com.zaxxer.hikari.HikariDataSource - HikariPool-1 - Shutdown completed.
2025-04-28 22:30:28.042 [main] INFO  o.a.catalina.core.StandardService - Stopping service [Tomcat]
2025-04-28 22:30:28.067 [main] INFO  o.s.b.a.l.ConditionEvaluationReportLogger - 

Error starting ApplicationContext. To display the condition evaluation report re-run your application with 'debug' enabled.
2025-04-28 22:30:28.080 [main] ERROR o.s.b.d.LoggingFailureAnalysisReporter - 

***************************
APPLICATION FAILED TO START
***************************

Description:

Parameter 0 of constructor in com.example.chess.controller.GameInfoController required a bean of type 'com.example.chess.service.GameInfoService' that could not be found.


Action:

Consider defining a bean of type 'com.example.chess.service.GameInfoService' in your configuration.

2025-04-28 22:34:37.810 [main] INFO  com.example.chess.ChessApplication - Starting ChessApplication using Java 23.0.1 with PID 24640 (D:\Java jetbrains\java spring projects\Chess\target\classes started by vova3 in D:\Java jetbrains\java spring projects\chess)
2025-04-28 22:34:37.810 [main] INFO  com.example.chess.ChessApplication - No active profile set, falling back to 1 default profile: "default"
2025-04-28 22:34:38.526 [main] INFO  o.s.d.r.c.RepositoryConfigurationDelegate - Bootstrapping Spring Data JPA repositories in DEFAULT mode.
2025-04-28 22:34:38.538 [main] INFO  o.s.d.r.c.RepositoryConfigurationDelegate - Finished Spring Data repository scanning in 9 ms. Found 0 JPA repository interfaces.
2025-04-28 22:34:39.065 [main] INFO  o.s.b.w.e.tomcat.TomcatWebServer - Tomcat initialized with port 8080 (http)
2025-04-28 22:34:39.065 [main] INFO  o.a.catalina.core.StandardService - Starting service [Tomcat]
2025-04-28 22:34:39.065 [main] INFO  o.a.catalina.core.StandardEngine - Starting Servlet engine: [Apache Tomcat/10.1.34]
2025-04-28 22:34:39.112 [main] INFO  o.a.c.c.C.[Tomcat].[localhost].[/] - Initializing Spring embedded WebApplicationContext
2025-04-28 22:34:39.112 [main] INFO  o.s.b.w.s.c.ServletWebServerApplicationContext - Root WebApplicationContext: initialization completed in 1275 ms
2025-04-28 22:34:39.340 [main] INFO  o.h.jpa.internal.util.LogHelper - HHH000204: Processing PersistenceUnitInfo [name: default]
2025-04-28 22:34:39.367 [main] INFO  org.hibernate.Version - HHH000412: Hibernate ORM core version 6.6.5.Final
2025-04-28 22:34:39.390 [main] INFO  o.h.c.i.RegionFactoryInitiator - HHH000026: Second-level cache disabled
2025-04-28 22:34:39.541 [main] INFO  o.s.o.j.p.SpringPersistenceUnitInfo - No LoadTimeWeaver setup: ignoring JPA class transformer
2025-04-28 22:34:39.566 [main] INFO  com.zaxxer.hikari.HikariDataSource - HikariPool-1 - Starting...
2025-04-28 22:34:39.722 [main] INFO  com.zaxxer.hikari.pool.HikariPool - HikariPool-1 - Added connection org.postgresql.jdbc.PgConnection@720ffab4
2025-04-28 22:34:39.724 [main] INFO  com.zaxxer.hikari.HikariDataSource - HikariPool-1 - Start completed.
2025-04-28 22:34:39.772 [main] INFO  o.hibernate.orm.connections.pooling - HHH10001005: Database info:
	Database JDBC URL [Connecting through datasource 'HikariDataSource (HikariPool-1)']
	Database driver: undefined/unknown
	Database version: 17.0
	Autocommit mode: undefined/unknown
	Isolation level: undefined/unknown
	Minimum pool size: undefined/unknown
	Maximum pool size: undefined/unknown
2025-04-28 22:34:40.206 [main] INFO  o.h.m.i.EntityInstantiatorPojoStandard - HHH000182: No default (no-argument) constructor for class: com.example.chess.entity.Player (class must be instantiated by Interceptor)
2025-04-28 22:34:40.225 [main] INFO  o.h.m.i.EntityInstantiatorPojoStandard - HHH000182: No default (no-argument) constructor for class: com.example.chess.entity.GameInfo (class must be instantiated by Interceptor)
2025-04-28 22:34:40.350 [main] INFO  o.h.e.t.j.p.i.JtaPlatformInitiator - HHH000489: No JTA platform available (set 'hibernate.transaction.jta.platform' to enable JTA platform integration)
2025-04-28 22:34:40.422 [main] INFO  o.s.o.j.LocalContainerEntityManagerFactoryBean - Initialized JPA EntityManagerFactory for persistence unit 'default'
2025-04-28 22:34:40.441 [main] WARN  o.s.b.w.s.c.AnnotationConfigServletWebServerApplicationContext - Exception encountered during context initialization - cancelling refresh attempt: org.springframework.beans.factory.UnsatisfiedDependencyException: Error creating bean with name 'gameInfoController' defined in file [D:\Java jetbrains\java spring projects\Chess\target\classes\com\example\chess\controller\GameInfoController.class]: Unsatisfied dependency expressed through constructor parameter 0: No qualifying bean of type 'com.example.chess.service.GameInfoService' available: expected at least 1 bean which qualifies as autowire candidate. Dependency annotations: {}
2025-04-28 22:34:40.441 [main] INFO  o.s.o.j.LocalContainerEntityManagerFactoryBean - Closing JPA EntityManagerFactory for persistence unit 'default'
2025-04-28 22:34:40.444 [main] INFO  com.zaxxer.hikari.HikariDataSource - HikariPool-1 - Shutdown initiated...
2025-04-28 22:34:40.489 [main] INFO  com.zaxxer.hikari.HikariDataSource - HikariPool-1 - Shutdown completed.
2025-04-28 22:34:40.490 [main] INFO  o.a.catalina.core.StandardService - Stopping service [Tomcat]
2025-04-28 22:34:40.510 [main] INFO  o.s.b.a.l.ConditionEvaluationReportLogger - 

Error starting ApplicationContext. To display the condition evaluation report re-run your application with 'debug' enabled.
2025-04-28 22:34:40.539 [main] ERROR o.s.b.d.LoggingFailureAnalysisReporter - 

***************************
APPLICATION FAILED TO START
***************************

Description:

Parameter 0 of constructor in com.example.chess.controller.GameInfoController required a bean of type 'com.example.chess.service.GameInfoService' that could not be found.


Action:

Consider defining a bean of type 'com.example.chess.service.GameInfoService' in your configuration.

2025-04-28 22:36:12.465 [main] INFO  com.example.chess.ChessApplication - Starting ChessApplication using Java 23.0.1 with PID 27304 (D:\Java jetbrains\java spring projects\Chess\target\classes started by vova3 in D:\Java jetbrains\java spring projects\chess)
2025-04-28 22:36:12.465 [main] INFO  com.example.chess.ChessApplication - No active profile set, falling back to 1 default profile: "default"
2025-04-28 22:36:13.257 [main] INFO  o.s.d.r.c.RepositoryConfigurationDelegate - Bootstrapping Spring Data JPA repositories in DEFAULT mode.
2025-04-28 22:36:13.272 [main] INFO  o.s.d.r.c.RepositoryConfigurationDelegate - Finished Spring Data repository scanning in 8 ms. Found 0 JPA repository interfaces.
2025-04-28 22:36:13.931 [main] INFO  o.s.b.w.e.tomcat.TomcatWebServer - Tomcat initialized with port 8080 (http)
2025-04-28 22:36:13.949 [main] INFO  o.a.catalina.core.StandardService - Starting service [Tomcat]
2025-04-28 22:36:13.950 [main] INFO  o.a.catalina.core.StandardEngine - Starting Servlet engine: [Apache Tomcat/10.1.34]
2025-04-28 22:36:14.038 [main] INFO  o.a.c.c.C.[Tomcat].[localhost].[/] - Initializing Spring embedded WebApplicationContext
2025-04-28 22:36:14.038 [main] INFO  o.s.b.w.s.c.ServletWebServerApplicationContext - Root WebApplicationContext: initialization completed in 1539 ms
2025-04-28 22:36:14.280 [main] INFO  o.h.jpa.internal.util.LogHelper - HHH000204: Processing PersistenceUnitInfo [name: default]
2025-04-28 22:36:14.309 [main] INFO  org.hibernate.Version - HHH000412: Hibernate ORM core version 6.6.5.Final
2025-04-28 22:36:14.328 [main] INFO  o.h.c.i.RegionFactoryInitiator - HHH000026: Second-level cache disabled
2025-04-28 22:36:14.477 [main] INFO  o.s.o.j.p.SpringPersistenceUnitInfo - No LoadTimeWeaver setup: ignoring JPA class transformer
2025-04-28 22:36:14.501 [main] INFO  com.zaxxer.hikari.HikariDataSource - HikariPool-1 - Starting...
2025-04-28 22:36:14.630 [main] INFO  com.zaxxer.hikari.pool.HikariPool - HikariPool-1 - Added connection org.postgresql.jdbc.PgConnection@570299e3
2025-04-28 22:36:14.631 [main] INFO  com.zaxxer.hikari.HikariDataSource - HikariPool-1 - Start completed.
2025-04-28 22:36:14.676 [main] INFO  o.hibernate.orm.connections.pooling - HHH10001005: Database info:
	Database JDBC URL [Connecting through datasource 'HikariDataSource (HikariPool-1)']
	Database driver: undefined/unknown
	Database version: 17.0
	Autocommit mode: undefined/unknown
	Isolation level: undefined/unknown
	Minimum pool size: undefined/unknown
	Maximum pool size: undefined/unknown
2025-04-28 22:36:15.149 [main] INFO  o.h.m.i.EntityInstantiatorPojoStandard - HHH000182: No default (no-argument) constructor for class: com.example.chess.entity.Player (class must be instantiated by Interceptor)
2025-04-28 22:36:15.168 [main] INFO  o.h.m.i.EntityInstantiatorPojoStandard - HHH000182: No default (no-argument) constructor for class: com.example.chess.entity.GameInfo (class must be instantiated by Interceptor)
2025-04-28 22:36:15.311 [main] INFO  o.h.e.t.j.p.i.JtaPlatformInitiator - HHH000489: No JTA platform available (set 'hibernate.transaction.jta.platform' to enable JTA platform integration)
2025-04-28 22:36:15.399 [main] INFO  o.s.o.j.LocalContainerEntityManagerFactoryBean - Initialized JPA EntityManagerFactory for persistence unit 'default'
2025-04-28 22:36:15.419 [main] WARN  o.s.b.w.s.c.AnnotationConfigServletWebServerApplicationContext - Exception encountered during context initialization - cancelling refresh attempt: org.springframework.beans.factory.UnsatisfiedDependencyException: Error creating bean with name 'gameInfoController' defined in file [D:\Java jetbrains\java spring projects\Chess\target\classes\com\example\chess\controller\GameInfoController.class]: Unsatisfied dependency expressed through constructor parameter 0: No qualifying bean of type 'com.example.chess.service.GameInfoService' available: expected at least 1 bean which qualifies as autowire candidate. Dependency annotations: {}
2025-04-28 22:36:15.419 [main] INFO  o.s.o.j.LocalContainerEntityManagerFactoryBean - Closing JPA EntityManagerFactory for persistence unit 'default'
2025-04-28 22:36:15.421 [main] INFO  com.zaxxer.hikari.HikariDataSource - HikariPool-1 - Shutdown initiated...
2025-04-28 22:36:15.434 [main] INFO  com.zaxxer.hikari.HikariDataSource - HikariPool-1 - Shutdown completed.
2025-04-28 22:36:15.435 [main] INFO  o.a.catalina.core.StandardService - Stopping service [Tomcat]
2025-04-28 22:36:15.444 [main] INFO  o.s.b.a.l.ConditionEvaluationReportLogger - 

Error starting ApplicationContext. To display the condition evaluation report re-run your application with 'debug' enabled.
2025-04-28 22:36:15.459 [main] ERROR o.s.b.d.LoggingFailureAnalysisReporter - 

***************************
APPLICATION FAILED TO START
***************************

Description:

Parameter 0 of constructor in com.example.chess.controller.GameInfoController required a bean of type 'com.example.chess.service.GameInfoService' that could not be found.


Action:

Consider defining a bean of type 'com.example.chess.service.GameInfoService' in your configuration.

2025-04-28 22:37:41.917 [main] INFO  com.example.chess.ChessApplication - Starting ChessApplication using Java 23.0.1 with PID 19896 (D:\Java jetbrains\java spring projects\Chess\target\classes started by vova3 in D:\Java jetbrains\java spring projects\chess)
2025-04-28 22:37:41.918 [main] INFO  com.example.chess.ChessApplication - No active profile set, falling back to 1 default profile: "default"
2025-04-28 22:37:42.676 [main] INFO  o.s.d.r.c.RepositoryConfigurationDelegate - Bootstrapping Spring Data JPA repositories in DEFAULT mode.
2025-04-28 22:37:42.692 [main] INFO  o.s.d.r.c.RepositoryConfigurationDelegate - Finished Spring Data repository scanning in 10 ms. Found 0 JPA repository interfaces.
2025-04-28 22:37:43.263 [main] INFO  o.s.b.w.e.tomcat.TomcatWebServer - Tomcat initialized with port 8080 (http)
2025-04-28 22:37:43.271 [main] INFO  o.a.catalina.core.StandardService - Starting service [Tomcat]
2025-04-28 22:37:43.271 [main] INFO  o.a.catalina.core.StandardEngine - Starting Servlet engine: [Apache Tomcat/10.1.34]
2025-04-28 22:37:43.379 [main] INFO  o.a.c.c.C.[Tomcat].[localhost].[/] - Initializing Spring embedded WebApplicationContext
2025-04-28 22:37:43.380 [main] INFO  o.s.b.w.s.c.ServletWebServerApplicationContext - Root WebApplicationContext: initialization completed in 1424 ms
2025-04-28 22:37:43.709 [main] INFO  o.h.jpa.internal.util.LogHelper - HHH000204: Processing PersistenceUnitInfo [name: default]
2025-04-28 22:37:43.736 [main] INFO  org.hibernate.Version - HHH000412: Hibernate ORM core version 6.6.5.Final
2025-04-28 22:37:43.756 [main] INFO  o.h.c.i.RegionFactoryInitiator - HHH000026: Second-level cache disabled
2025-04-28 22:37:43.918 [main] INFO  o.s.o.j.p.SpringPersistenceUnitInfo - No LoadTimeWeaver setup: ignoring JPA class transformer
2025-04-28 22:37:43.937 [main] INFO  com.zaxxer.hikari.HikariDataSource - HikariPool-1 - Starting...
2025-04-28 22:37:44.109 [main] INFO  com.zaxxer.hikari.pool.HikariPool - HikariPool-1 - Added connection org.postgresql.jdbc.PgConnection@6bc62bb9
2025-04-28 22:37:44.111 [main] INFO  com.zaxxer.hikari.HikariDataSource - HikariPool-1 - Start completed.
2025-04-28 22:37:44.157 [main] INFO  o.hibernate.orm.connections.pooling - HHH10001005: Database info:
	Database JDBC URL [Connecting through datasource 'HikariDataSource (HikariPool-1)']
	Database driver: undefined/unknown
	Database version: 17.0
	Autocommit mode: undefined/unknown
	Isolation level: undefined/unknown
	Minimum pool size: undefined/unknown
	Maximum pool size: undefined/unknown
2025-04-28 22:37:44.606 [main] INFO  o.h.m.i.EntityInstantiatorPojoStandard - HHH000182: No default (no-argument) constructor for class: com.example.chess.entity.Player (class must be instantiated by Interceptor)
2025-04-28 22:37:44.624 [main] INFO  o.h.m.i.EntityInstantiatorPojoStandard - HHH000182: No default (no-argument) constructor for class: com.example.chess.entity.GameInfo (class must be instantiated by Interceptor)
2025-04-28 22:37:44.748 [main] INFO  o.h.e.t.j.p.i.JtaPlatformInitiator - HHH000489: No JTA platform available (set 'hibernate.transaction.jta.platform' to enable JTA platform integration)
2025-04-28 22:37:44.827 [main] INFO  o.s.o.j.LocalContainerEntityManagerFactoryBean - Initialized JPA EntityManagerFactory for persistence unit 'default'
2025-04-28 22:37:44.846 [main] WARN  o.s.b.w.s.c.AnnotationConfigServletWebServerApplicationContext - Exception encountered during context initialization - cancelling refresh attempt: org.springframework.beans.factory.UnsatisfiedDependencyException: Error creating bean with name 'gameInfoController' defined in file [D:\Java jetbrains\java spring projects\Chess\target\classes\com\example\chess\controller\GameInfoController.class]: Unsatisfied dependency expressed through constructor parameter 0: No qualifying bean of type 'com.example.chess.service.GameInfoService' available: expected at least 1 bean which qualifies as autowire candidate. Dependency annotations: {}
2025-04-28 22:37:44.847 [main] INFO  o.s.o.j.LocalContainerEntityManagerFactoryBean - Closing JPA EntityManagerFactory for persistence unit 'default'
2025-04-28 22:37:44.848 [main] INFO  com.zaxxer.hikari.HikariDataSource - HikariPool-1 - Shutdown initiated...
2025-04-28 22:37:44.889 [main] INFO  com.zaxxer.hikari.HikariDataSource - HikariPool-1 - Shutdown completed.
2025-04-28 22:37:44.892 [main] INFO  o.a.catalina.core.StandardService - Stopping service [Tomcat]
2025-04-28 22:37:44.908 [main] INFO  o.s.b.a.l.ConditionEvaluationReportLogger - 

Error starting ApplicationContext. To display the condition evaluation report re-run your application with 'debug' enabled.
2025-04-28 22:37:44.931 [main] ERROR o.s.b.d.LoggingFailureAnalysisReporter - 

***************************
APPLICATION FAILED TO START
***************************

Description:

Parameter 0 of constructor in com.example.chess.controller.GameInfoController required a bean of type 'com.example.chess.service.GameInfoService' that could not be found.


Action:

Consider defining a bean of type 'com.example.chess.service.GameInfoService' in your configuration.

